<?xml version="1.0" encoding="UTF-8"?>
<testsuites>
	<testsuite errors="0" failures="0" file="test_app.py" name="test_app.AppTestCase-20220808085558" skipped="0" tests="2" time="0.123" timestamp="2022-08-08T08:55:58">
		<testcase classname="test_app.AppTestCase" file="tests/test_app.py" line="11" name="test_app_exists" time="0.073" timestamp="2022-08-08T08:55:58">
			<system-out>
<![CDATA[<flask.ctx.AppContext object at 0x7f6b3448be80>
111111
<flask.ctx.AppContext object at 0x7f6b3448be80>
222222
]]>			</system-out>
			<system-err>
<![CDATA[]]>			</system-err>
		</testcase>
		<testcase classname="test_app.AppTestCase" file="tests/test_app.py" line="14" name="test_app_is_testing" time="0.050" timestamp="2022-08-08T08:55:58">
			<system-out>
<![CDATA[<flask.ctx.AppContext object at 0x7f6b376cb748>
111111
<flask.ctx.AppContext object at 0x7f6b376cb748>
222222
]]>			</system-out>
			<system-err>
<![CDATA[]]>			</system-err>
		</testcase>
	</testsuite>
	<testsuite errors="0" failures="0" file="test_app.py" name="test_app.RouteIndexTestCase-20220808085558" skipped="0" tests="1" time="0.106" timestamp="2022-08-08T08:55:58">
		<testcase classname="test_app.RouteIndexTestCase" file="tests/test_app.py" line="19" name="test_index_route" time="0.106" timestamp="2022-08-08T08:55:58">
			<system-out>
<![CDATA[<flask.ctx.AppContext object at 0x7f6b347cd208>
111111
<flask.ctx.AppContext object at 0x7f6b347cd208>
222222
]]>			</system-out>
			<system-err>
<![CDATA[]]>			</system-err>
		</testcase>
	</testsuite>
	<testsuite errors="0" failures="0" file="test_app.py" name="test_app.RouteMetaTestCase-20220808085558" skipped="0" tests="2" time="0.198" timestamp="2022-08-08T08:55:59">
		<testcase classname="test_app.RouteMetaTestCase" file="tests/test_app.py" line="54" name="test_meta_healthcheck_canary_failure_db" time="0.081" timestamp="2022-08-08T08:55:58">
			<system-out>
<![CDATA[<flask.ctx.AppContext object at 0x7f6b35e46c50>
111111
<flask.ctx.AppContext object at 0x7f6b35e46c50>
222222
]]>			</system-out>
			<system-err>
<![CDATA[]]>			</system-err>
		</testcase>
		<testcase classname="test_app.RouteMetaTestCase" file="tests/test_app.py" line="36" name="test_meta_healthcheck_canary_success" time="0.117" timestamp="2022-08-08T08:55:59">
			<system-out>
<![CDATA[<flask.ctx.AppContext object at 0x7f6b35d6f940>
111111
<flask.ctx.AppContext object at 0x7f6b35d6f940>
222222
]]>			</system-out>
			<system-err>
<![CDATA[]]>			</system-err>
		</testcase>
	</testsuite>
	<testsuite errors="0" failures="0" file="test_commands.py" name="test_commands.ImportCommandTestCase-20220808085558" skipped="1" tests="3" time="1.223" timestamp="2022-08-08T08:56:00">
		<testcase classname="test_commands.ImportCommandTestCase" file="tests/test_commands.py" line="26" name="test_import_categories_from_file" time="0.421" timestamp="2022-08-08T08:55:59">
			<system-out>
<![CDATA[<flask.ctx.AppContext object at 0x7f6b341b5ac8>
111111
<flask.ctx.AppContext object at 0x7f6b341b5ac8>
222222
]]>			</system-out>
			<system-err>
<![CDATA[INFO  [alembic.runtime.migration] Context impl PostgresqlImpl.
INFO  [alembic.runtime.migration] Will assume transactional DDL.
INFO  [alembic.runtime.migration] Running upgrade  -> d919f20fe946, Adding Project entity
INFO  [alembic.runtime.migration] Running upgrade d919f20fe946 -> 631f964e665f, Adding Person and Participant entities
INFO  [alembic.runtime.migration] Running upgrade 631f964e665f -> a5b753b898f5, Adding Grant and Allocation entities
INFO  [alembic.runtime.migration] Running upgrade a5b753b898f5 -> 0576cef39dd8, Adding Organisation entity
INFO  [alembic.runtime.migration] Running upgrade 0576cef39dd8 -> fe26d37d220f, Adding category entities
INFO  [alembic.runtime.migration] Running upgrade fe26d37d220f -> c2f46d74fb33, Making Organisation optional
INFO  [alembic.runtime.migration] Running upgrade c2f46d74fb33 -> 0da61d9681b1, empty message
INFO  [alembic.runtime.migration] Running upgrade 0da61d9681b1 -> 5ac27507f77e, empty message
INFO  [alembic.runtime.migration] Context impl PostgresqlImpl.
INFO  [alembic.runtime.migration] Will assume transactional DDL.
INFO  [alembic.runtime.migration] Running downgrade 5ac27507f77e -> 0da61d9681b1, empty message
INFO  [alembic.runtime.migration] Running downgrade 0da61d9681b1 -> c2f46d74fb33, empty message
INFO  [alembic.runtime.migration] Running downgrade c2f46d74fb33 -> fe26d37d220f, Making Organisation optional
INFO  [alembic.runtime.migration] Running downgrade fe26d37d220f -> 0576cef39dd8, Adding category entities
INFO  [alembic.runtime.migration] Running downgrade 0576cef39dd8 -> a5b753b898f5, Adding Organisation entity
INFO  [alembic.runtime.migration] Running downgrade a5b753b898f5 -> 631f964e665f, Adding Grant and Allocation entities
INFO  [alembic.runtime.migration] Running downgrade 631f964e665f -> d919f20fe946, Adding Person and Participant entities
INFO  [alembic.runtime.migration] Running downgrade d919f20fe946 -> , Adding Project entity
]]>			</system-err>
		</testcase>
		<testcase classname="test_commands.ImportCommandTestCase" file="tests/test_commands.py" line="30" name="test_import_organisations_from_file" time="0.415" timestamp="2022-08-08T08:56:00">
			<system-out>
<![CDATA[<flask.ctx.AppContext object at 0x7f6b33f18780>
111111
<flask.ctx.AppContext object at 0x7f6b33f18780>
222222
]]>			</system-out>
			<system-err>
<![CDATA[INFO  [alembic.runtime.migration] Context impl PostgresqlImpl.
INFO  [alembic.runtime.migration] Will assume transactional DDL.
INFO  [alembic.runtime.migration] Running upgrade  -> d919f20fe946, Adding Project entity
INFO  [alembic.runtime.migration] Running upgrade d919f20fe946 -> 631f964e665f, Adding Person and Participant entities
INFO  [alembic.runtime.migration] Running upgrade 631f964e665f -> a5b753b898f5, Adding Grant and Allocation entities
INFO  [alembic.runtime.migration] Running upgrade a5b753b898f5 -> 0576cef39dd8, Adding Organisation entity
INFO  [alembic.runtime.migration] Running upgrade 0576cef39dd8 -> fe26d37d220f, Adding category entities
INFO  [alembic.runtime.migration] Running upgrade fe26d37d220f -> c2f46d74fb33, Making Organisation optional
INFO  [alembic.runtime.migration] Running upgrade c2f46d74fb33 -> 0da61d9681b1, empty message
INFO  [alembic.runtime.migration] Running upgrade 0da61d9681b1 -> 5ac27507f77e, empty message
INFO  [alembic.runtime.migration] Context impl PostgresqlImpl.
INFO  [alembic.runtime.migration] Will assume transactional DDL.
INFO  [alembic.runtime.migration] Running downgrade 5ac27507f77e -> 0da61d9681b1, empty message
INFO  [alembic.runtime.migration] Running downgrade 0da61d9681b1 -> c2f46d74fb33, empty message
INFO  [alembic.runtime.migration] Running downgrade c2f46d74fb33 -> fe26d37d220f, Making Organisation optional
INFO  [alembic.runtime.migration] Running downgrade fe26d37d220f -> 0576cef39dd8, Adding category entities
INFO  [alembic.runtime.migration] Running downgrade 0576cef39dd8 -> a5b753b898f5, Adding Organisation entity
INFO  [alembic.runtime.migration] Running downgrade a5b753b898f5 -> 631f964e665f, Adding Grant and Allocation entities
INFO  [alembic.runtime.migration] Running downgrade 631f964e665f -> d919f20fe946, Adding Person and Participant entities
INFO  [alembic.runtime.migration] Running downgrade d919f20fe946 -> , Adding Project entity
]]>			</system-err>
		</testcase>
		<testcase classname="test_commands.ImportCommandTestCase" file="tests/test_commands.py" line="34" name="test_import_grant_from_gtr" time="0.387" timestamp="2022-08-08T08:55:59">
			<skipped message="We know this works, running manually works just fine. However due to the way the program outputs the result, it’s not easy to test with assertIn. Equally testing that the record exists in the database is also not working for some unknown reason. This test will be re-instated later but for now we need to progress" type="skip"/>
			<system-out>
<![CDATA[<flask.ctx.AppContext object at 0x7f6b34040cf8>
111111
<flask.ctx.AppContext object at 0x7f6b34040cf8>
222222
]]>			</system-out>
			<system-err>
<![CDATA[INFO  [alembic.runtime.migration] Context impl PostgresqlImpl.
INFO  [alembic.runtime.migration] Will assume transactional DDL.
INFO  [alembic.runtime.migration] Running upgrade  -> d919f20fe946, Adding Project entity
INFO  [alembic.runtime.migration] Running upgrade d919f20fe946 -> 631f964e665f, Adding Person and Participant entities
INFO  [alembic.runtime.migration] Running upgrade 631f964e665f -> a5b753b898f5, Adding Grant and Allocation entities
INFO  [alembic.runtime.migration] Running upgrade a5b753b898f5 -> 0576cef39dd8, Adding Organisation entity
INFO  [alembic.runtime.migration] Running upgrade 0576cef39dd8 -> fe26d37d220f, Adding category entities
INFO  [alembic.runtime.migration] Running upgrade fe26d37d220f -> c2f46d74fb33, Making Organisation optional
INFO  [alembic.runtime.migration] Running upgrade c2f46d74fb33 -> 0da61d9681b1, empty message
INFO  [alembic.runtime.migration] Running upgrade 0da61d9681b1 -> 5ac27507f77e, empty message
INFO  [alembic.runtime.migration] Context impl PostgresqlImpl.
INFO  [alembic.runtime.migration] Will assume transactional DDL.
INFO  [alembic.runtime.migration] Running downgrade 5ac27507f77e -> 0da61d9681b1, empty message
INFO  [alembic.runtime.migration] Running downgrade 0da61d9681b1 -> c2f46d74fb33, empty message
INFO  [alembic.runtime.migration] Running downgrade c2f46d74fb33 -> fe26d37d220f, Making Organisation optional
INFO  [alembic.runtime.migration] Running downgrade fe26d37d220f -> 0576cef39dd8, Adding category entities
INFO  [alembic.runtime.migration] Running downgrade 0576cef39dd8 -> a5b753b898f5, Adding Organisation entity
INFO  [alembic.runtime.migration] Running downgrade a5b753b898f5 -> 631f964e665f, Adding Grant and Allocation entities
INFO  [alembic.runtime.migration] Running downgrade 631f964e665f -> d919f20fe946, Adding Person and Participant entities
INFO  [alembic.runtime.migration] Running downgrade d919f20fe946 -> , Adding Project entity
]]>			</system-err>
		</testcase>
	</testsuite>
	<testsuite errors="0" failures="0" file="test_commands.py" name="test_commands.InbuiltCommandsTestCase-20220808085558" skipped="0" tests="1" time="0.346" timestamp="2022-08-08T08:56:00">
		<testcase classname="test_commands.InbuiltCommandsTestCase" file="tests/test_commands.py" line="6" name="test_help" time="0.346" timestamp="2022-08-08T08:56:00">
			<system-out>
<![CDATA[<flask.ctx.AppContext object at 0x7f6b33eb4748>
111111
<flask.ctx.AppContext object at 0x7f6b33eb4748>
222222
]]>			</system-out>
			<system-err>
<![CDATA[INFO  [alembic.runtime.migration] Context impl PostgresqlImpl.
INFO  [alembic.runtime.migration] Will assume transactional DDL.
INFO  [alembic.runtime.migration] Running upgrade  -> d919f20fe946, Adding Project entity
INFO  [alembic.runtime.migration] Running upgrade d919f20fe946 -> 631f964e665f, Adding Person and Participant entities
INFO  [alembic.runtime.migration] Running upgrade 631f964e665f -> a5b753b898f5, Adding Grant and Allocation entities
INFO  [alembic.runtime.migration] Running upgrade a5b753b898f5 -> 0576cef39dd8, Adding Organisation entity
INFO  [alembic.runtime.migration] Running upgrade 0576cef39dd8 -> fe26d37d220f, Adding category entities
INFO  [alembic.runtime.migration] Running upgrade fe26d37d220f -> c2f46d74fb33, Making Organisation optional
INFO  [alembic.runtime.migration] Running upgrade c2f46d74fb33 -> 0da61d9681b1, empty message
INFO  [alembic.runtime.migration] Running upgrade 0da61d9681b1 -> 5ac27507f77e, empty message
INFO  [alembic.runtime.migration] Context impl PostgresqlImpl.
INFO  [alembic.runtime.migration] Will assume transactional DDL.
INFO  [alembic.runtime.migration] Running downgrade 5ac27507f77e -> 0da61d9681b1, empty message
INFO  [alembic.runtime.migration] Running downgrade 0da61d9681b1 -> c2f46d74fb33, empty message
INFO  [alembic.runtime.migration] Running downgrade c2f46d74fb33 -> fe26d37d220f, Making Organisation optional
INFO  [alembic.runtime.migration] Running downgrade fe26d37d220f -> 0576cef39dd8, Adding category entities
INFO  [alembic.runtime.migration] Running downgrade 0576cef39dd8 -> a5b753b898f5, Adding Organisation entity
INFO  [alembic.runtime.migration] Running downgrade a5b753b898f5 -> 631f964e665f, Adding Grant and Allocation entities
INFO  [alembic.runtime.migration] Running downgrade 631f964e665f -> d919f20fe946, Adding Person and Participant entities
INFO  [alembic.runtime.migration] Running downgrade d919f20fe946 -> , Adding Project entity
]]>			</system-err>
		</testcase>
	</testsuite>
	<testsuite errors="0" failures="0" file="test_commands.py" name="test_commands.SeedingCommandTestCase-20220808085558" skipped="0" tests="2" time="3.414" timestamp="2022-08-08T08:56:04">
		<testcase classname="test_commands.SeedingCommandTestCase" file="tests/test_commands.py" line="12" name="test_seeding_predictable" time="0.656" timestamp="2022-08-08T08:56:01">
			<system-out>
<![CDATA[<flask.ctx.AppContext object at 0x7f6b340ac390>
111111
<flask.ctx.AppContext object at 0x7f6b340ac390>
222222
]]>			</system-out>
			<system-err>
<![CDATA[INFO  [alembic.runtime.migration] Context impl PostgresqlImpl.
INFO  [alembic.runtime.migration] Will assume transactional DDL.
INFO  [alembic.runtime.migration] Running upgrade  -> d919f20fe946, Adding Project entity
INFO  [alembic.runtime.migration] Running upgrade d919f20fe946 -> 631f964e665f, Adding Person and Participant entities
INFO  [alembic.runtime.migration] Running upgrade 631f964e665f -> a5b753b898f5, Adding Grant and Allocation entities
INFO  [alembic.runtime.migration] Running upgrade a5b753b898f5 -> 0576cef39dd8, Adding Organisation entity
INFO  [alembic.runtime.migration] Running upgrade 0576cef39dd8 -> fe26d37d220f, Adding category entities
INFO  [alembic.runtime.migration] Running upgrade fe26d37d220f -> c2f46d74fb33, Making Organisation optional
INFO  [alembic.runtime.migration] Running upgrade c2f46d74fb33 -> 0da61d9681b1, empty message
INFO  [alembic.runtime.migration] Running upgrade 0da61d9681b1 -> 5ac27507f77e, empty message
INFO  [alembic.runtime.migration] Context impl PostgresqlImpl.
INFO  [alembic.runtime.migration] Will assume transactional DDL.
INFO  [alembic.runtime.migration] Running downgrade 5ac27507f77e -> 0da61d9681b1, empty message
INFO  [alembic.runtime.migration] Running downgrade 0da61d9681b1 -> c2f46d74fb33, empty message
INFO  [alembic.runtime.migration] Running downgrade c2f46d74fb33 -> fe26d37d220f, Making Organisation optional
INFO  [alembic.runtime.migration] Running downgrade fe26d37d220f -> 0576cef39dd8, Adding category entities
INFO  [alembic.runtime.migration] Running downgrade 0576cef39dd8 -> a5b753b898f5, Adding Organisation entity
INFO  [alembic.runtime.migration] Running downgrade a5b753b898f5 -> 631f964e665f, Adding Grant and Allocation entities
INFO  [alembic.runtime.migration] Running downgrade 631f964e665f -> d919f20fe946, Adding Person and Participant entities
INFO  [alembic.runtime.migration] Running downgrade d919f20fe946 -> , Adding Project entity
]]>			</system-err>
		</testcase>
		<testcase classname="test_commands.SeedingCommandTestCase" file="tests/test_commands.py" line="16" name="test_seeding_random" time="2.758" timestamp="2022-08-08T08:56:04">
			<system-out>
<![CDATA[<flask.ctx.AppContext object at 0x7f6b352f8358>
111111
<flask.ctx.AppContext object at 0x7f6b352f8358>
222222
]]>			</system-out>
			<system-err>
<![CDATA[INFO  [alembic.runtime.migration] Context impl PostgresqlImpl.
INFO  [alembic.runtime.migration] Will assume transactional DDL.
INFO  [alembic.runtime.migration] Running upgrade  -> d919f20fe946, Adding Project entity
INFO  [alembic.runtime.migration] Running upgrade d919f20fe946 -> 631f964e665f, Adding Person and Participant entities
INFO  [alembic.runtime.migration] Running upgrade 631f964e665f -> a5b753b898f5, Adding Grant and Allocation entities
INFO  [alembic.runtime.migration] Running upgrade a5b753b898f5 -> 0576cef39dd8, Adding Organisation entity
INFO  [alembic.runtime.migration] Running upgrade 0576cef39dd8 -> fe26d37d220f, Adding category entities
INFO  [alembic.runtime.migration] Running upgrade fe26d37d220f -> c2f46d74fb33, Making Organisation optional
INFO  [alembic.runtime.migration] Running upgrade c2f46d74fb33 -> 0da61d9681b1, empty message
INFO  [alembic.runtime.migration] Running upgrade 0da61d9681b1 -> 5ac27507f77e, empty message
INFO  [alembic.runtime.migration] Context impl PostgresqlImpl.
INFO  [alembic.runtime.migration] Will assume transactional DDL.
INFO  [alembic.runtime.migration] Running downgrade 5ac27507f77e -> 0da61d9681b1, empty message
INFO  [alembic.runtime.migration] Running downgrade 0da61d9681b1 -> c2f46d74fb33, empty message
INFO  [alembic.runtime.migration] Running downgrade c2f46d74fb33 -> fe26d37d220f, Making Organisation optional
INFO  [alembic.runtime.migration] Running downgrade fe26d37d220f -> 0576cef39dd8, Adding category entities
INFO  [alembic.runtime.migration] Running downgrade 0576cef39dd8 -> a5b753b898f5, Adding Organisation entity
INFO  [alembic.runtime.migration] Running downgrade a5b753b898f5 -> 631f964e665f, Adding Grant and Allocation entities
INFO  [alembic.runtime.migration] Running downgrade 631f964e665f -> d919f20fe946, Adding Person and Participant entities
INFO  [alembic.runtime.migration] Running downgrade d919f20fe946 -> , Adding Project entity
]]>			</system-err>
		</testcase>
	</testsuite>
	<testsuite errors="0" failures="0" file="test_resource_allocations.py" name="test_resource_allocations.PeopleResourceTestCase-20220808085558" skipped="0" tests="7" time="4.054" timestamp="2022-08-08T08:56:08">
		<testcase classname="test_resource_allocations.PeopleResourceTestCase" file="tests/test_resource_allocations.py" line="414" name="test_allocations_detail" time="0.592" timestamp="2022-08-08T08:56:04">
			<system-out>
<![CDATA[<flask.ctx.AppContext object at 0x7f6b33ebc128>
111111
<flask.ctx.AppContext object at 0x7f6b33ebc128>
222222
]]>			</system-out>
			<system-err>
<![CDATA[INFO  [alembic.runtime.migration] Context impl PostgresqlImpl.
INFO  [alembic.runtime.migration] Will assume transactional DDL.
INFO  [alembic.runtime.migration] Running upgrade  -> d919f20fe946, Adding Project entity
INFO  [alembic.runtime.migration] Running upgrade d919f20fe946 -> 631f964e665f, Adding Person and Participant entities
INFO  [alembic.runtime.migration] Running upgrade 631f964e665f -> a5b753b898f5, Adding Grant and Allocation entities
INFO  [alembic.runtime.migration] Running upgrade a5b753b898f5 -> 0576cef39dd8, Adding Organisation entity
INFO  [alembic.runtime.migration] Running upgrade 0576cef39dd8 -> fe26d37d220f, Adding category entities
INFO  [alembic.runtime.migration] Running upgrade fe26d37d220f -> c2f46d74fb33, Making Organisation optional
INFO  [alembic.runtime.migration] Running upgrade c2f46d74fb33 -> 0da61d9681b1, empty message
INFO  [alembic.runtime.migration] Running upgrade 0da61d9681b1 -> 5ac27507f77e, empty message
INFO  [alembic.runtime.migration] Context impl PostgresqlImpl.
INFO  [alembic.runtime.migration] Will assume transactional DDL.
INFO  [alembic.runtime.migration] Running downgrade 5ac27507f77e -> 0da61d9681b1, empty message
INFO  [alembic.runtime.migration] Running downgrade 0da61d9681b1 -> c2f46d74fb33, empty message
INFO  [alembic.runtime.migration] Running downgrade c2f46d74fb33 -> fe26d37d220f, Making Organisation optional
INFO  [alembic.runtime.migration] Running downgrade fe26d37d220f -> 0576cef39dd8, Adding category entities
INFO  [alembic.runtime.migration] Running downgrade 0576cef39dd8 -> a5b753b898f5, Adding Organisation entity
INFO  [alembic.runtime.migration] Running downgrade a5b753b898f5 -> 631f964e665f, Adding Grant and Allocation entities
INFO  [alembic.runtime.migration] Running downgrade 631f964e665f -> d919f20fe946, Adding Person and Participant entities
INFO  [alembic.runtime.migration] Running downgrade d919f20fe946 -> , Adding Project entity
]]>			</system-err>
		</testcase>
		<testcase classname="test_resource_allocations.PeopleResourceTestCase" file="tests/test_resource_allocations.py" line="728" name="test_allocations_grants" time="0.548" timestamp="2022-08-08T08:56:05">
			<system-out>
<![CDATA[<flask.ctx.AppContext object at 0x7f6b33ebc8d0>
111111
<flask.ctx.AppContext object at 0x7f6b33ebc8d0>
222222
]]>			</system-out>
			<system-err>
<![CDATA[INFO  [alembic.runtime.migration] Context impl PostgresqlImpl.
INFO  [alembic.runtime.migration] Will assume transactional DDL.
INFO  [alembic.runtime.migration] Running upgrade  -> d919f20fe946, Adding Project entity
INFO  [alembic.runtime.migration] Running upgrade d919f20fe946 -> 631f964e665f, Adding Person and Participant entities
INFO  [alembic.runtime.migration] Running upgrade 631f964e665f -> a5b753b898f5, Adding Grant and Allocation entities
INFO  [alembic.runtime.migration] Running upgrade a5b753b898f5 -> 0576cef39dd8, Adding Organisation entity
INFO  [alembic.runtime.migration] Running upgrade 0576cef39dd8 -> fe26d37d220f, Adding category entities
INFO  [alembic.runtime.migration] Running upgrade fe26d37d220f -> c2f46d74fb33, Making Organisation optional
INFO  [alembic.runtime.migration] Running upgrade c2f46d74fb33 -> 0da61d9681b1, empty message
INFO  [alembic.runtime.migration] Running upgrade 0da61d9681b1 -> 5ac27507f77e, empty message
INFO  [alembic.runtime.migration] Context impl PostgresqlImpl.
INFO  [alembic.runtime.migration] Will assume transactional DDL.
INFO  [alembic.runtime.migration] Running downgrade 5ac27507f77e -> 0da61d9681b1, empty message
INFO  [alembic.runtime.migration] Running downgrade 0da61d9681b1 -> c2f46d74fb33, empty message
INFO  [alembic.runtime.migration] Running downgrade c2f46d74fb33 -> fe26d37d220f, Making Organisation optional
INFO  [alembic.runtime.migration] Running downgrade fe26d37d220f -> 0576cef39dd8, Adding category entities
INFO  [alembic.runtime.migration] Running downgrade 0576cef39dd8 -> a5b753b898f5, Adding Organisation entity
INFO  [alembic.runtime.migration] Running downgrade a5b753b898f5 -> 631f964e665f, Adding Grant and Allocation entities
INFO  [alembic.runtime.migration] Running downgrade 631f964e665f -> d919f20fe946, Adding Person and Participant entities
INFO  [alembic.runtime.migration] Running downgrade d919f20fe946 -> , Adding Project entity
]]>			</system-err>
		</testcase>
		<testcase classname="test_resource_allocations.PeopleResourceTestCase" file="tests/test_resource_allocations.py" line="9" name="test_allocations_list" time="0.549" timestamp="2022-08-08T08:56:05">
			<system-out>
<![CDATA[<flask.ctx.AppContext object at 0x7f6b341539b0>
111111
<flask.ctx.AppContext object at 0x7f6b341539b0>
222222
]]>			</system-out>
			<system-err>
<![CDATA[INFO  [alembic.runtime.migration] Context impl PostgresqlImpl.
INFO  [alembic.runtime.migration] Will assume transactional DDL.
INFO  [alembic.runtime.migration] Running upgrade  -> d919f20fe946, Adding Project entity
INFO  [alembic.runtime.migration] Running upgrade d919f20fe946 -> 631f964e665f, Adding Person and Participant entities
INFO  [alembic.runtime.migration] Running upgrade 631f964e665f -> a5b753b898f5, Adding Grant and Allocation entities
INFO  [alembic.runtime.migration] Running upgrade a5b753b898f5 -> 0576cef39dd8, Adding Organisation entity
INFO  [alembic.runtime.migration] Running upgrade 0576cef39dd8 -> fe26d37d220f, Adding category entities
INFO  [alembic.runtime.migration] Running upgrade fe26d37d220f -> c2f46d74fb33, Making Organisation optional
INFO  [alembic.runtime.migration] Running upgrade c2f46d74fb33 -> 0da61d9681b1, empty message
INFO  [alembic.runtime.migration] Running upgrade 0da61d9681b1 -> 5ac27507f77e, empty message
INFO  [alembic.runtime.migration] Context impl PostgresqlImpl.
INFO  [alembic.runtime.migration] Will assume transactional DDL.
INFO  [alembic.runtime.migration] Running downgrade 5ac27507f77e -> 0da61d9681b1, empty message
INFO  [alembic.runtime.migration] Running downgrade 0da61d9681b1 -> c2f46d74fb33, empty message
INFO  [alembic.runtime.migration] Running downgrade c2f46d74fb33 -> fe26d37d220f, Making Organisation optional
INFO  [alembic.runtime.migration] Running downgrade fe26d37d220f -> 0576cef39dd8, Adding category entities
INFO  [alembic.runtime.migration] Running downgrade 0576cef39dd8 -> a5b753b898f5, Adding Organisation entity
INFO  [alembic.runtime.migration] Running downgrade a5b753b898f5 -> 631f964e665f, Adding Grant and Allocation entities
INFO  [alembic.runtime.migration] Running downgrade 631f964e665f -> d919f20fe946, Adding Person and Participant entities
INFO  [alembic.runtime.migration] Running downgrade d919f20fe946 -> , Adding Project entity
]]>			</system-err>
		</testcase>
		<testcase classname="test_resource_allocations.PeopleResourceTestCase" file="tests/test_resource_allocations.py" line="835" name="test_allocations_projects" time="0.613" timestamp="2022-08-08T08:56:06">
			<system-out>
<![CDATA[<flask.ctx.AppContext object at 0x7f6b33f8b4a8>
111111
<flask.ctx.AppContext object at 0x7f6b33f8b4a8>
222222
]]>			</system-out>
			<system-err>
<![CDATA[INFO  [alembic.runtime.migration] Context impl PostgresqlImpl.
INFO  [alembic.runtime.migration] Will assume transactional DDL.
INFO  [alembic.runtime.migration] Running upgrade  -> d919f20fe946, Adding Project entity
INFO  [alembic.runtime.migration] Running upgrade d919f20fe946 -> 631f964e665f, Adding Person and Participant entities
INFO  [alembic.runtime.migration] Running upgrade 631f964e665f -> a5b753b898f5, Adding Grant and Allocation entities
INFO  [alembic.runtime.migration] Running upgrade a5b753b898f5 -> 0576cef39dd8, Adding Organisation entity
INFO  [alembic.runtime.migration] Running upgrade 0576cef39dd8 -> fe26d37d220f, Adding category entities
INFO  [alembic.runtime.migration] Running upgrade fe26d37d220f -> c2f46d74fb33, Making Organisation optional
INFO  [alembic.runtime.migration] Running upgrade c2f46d74fb33 -> 0da61d9681b1, empty message
INFO  [alembic.runtime.migration] Running upgrade 0da61d9681b1 -> 5ac27507f77e, empty message
INFO  [alembic.runtime.migration] Context impl PostgresqlImpl.
INFO  [alembic.runtime.migration] Will assume transactional DDL.
INFO  [alembic.runtime.migration] Running downgrade 5ac27507f77e -> 0da61d9681b1, empty message
INFO  [alembic.runtime.migration] Running downgrade 0da61d9681b1 -> c2f46d74fb33, empty message
INFO  [alembic.runtime.migration] Running downgrade c2f46d74fb33 -> fe26d37d220f, Making Organisation optional
INFO  [alembic.runtime.migration] Running downgrade fe26d37d220f -> 0576cef39dd8, Adding category entities
INFO  [alembic.runtime.migration] Running downgrade 0576cef39dd8 -> a5b753b898f5, Adding Organisation entity
INFO  [alembic.runtime.migration] Running downgrade a5b753b898f5 -> 631f964e665f, Adding Grant and Allocation entities
INFO  [alembic.runtime.migration] Running downgrade 631f964e665f -> d919f20fe946, Adding Person and Participant entities
INFO  [alembic.runtime.migration] Running downgrade d919f20fe946 -> , Adding Project entity
]]>			</system-err>
		</testcase>
		<testcase classname="test_resource_allocations.PeopleResourceTestCase" file="tests/test_resource_allocations.py" line="684" name="test_allocations_relationship_grants" time="0.573" timestamp="2022-08-08T08:56:06">
			<system-out>
<![CDATA[<flask.ctx.AppContext object at 0x7f6b33df6390>
111111
<flask.ctx.AppContext object at 0x7f6b33df6390>
222222
]]>			</system-out>
			<system-err>
<![CDATA[INFO  [alembic.runtime.migration] Context impl PostgresqlImpl.
INFO  [alembic.runtime.migration] Will assume transactional DDL.
INFO  [alembic.runtime.migration] Running upgrade  -> d919f20fe946, Adding Project entity
INFO  [alembic.runtime.migration] Running upgrade d919f20fe946 -> 631f964e665f, Adding Person and Participant entities
INFO  [alembic.runtime.migration] Running upgrade 631f964e665f -> a5b753b898f5, Adding Grant and Allocation entities
INFO  [alembic.runtime.migration] Running upgrade a5b753b898f5 -> 0576cef39dd8, Adding Organisation entity
INFO  [alembic.runtime.migration] Running upgrade 0576cef39dd8 -> fe26d37d220f, Adding category entities
INFO  [alembic.runtime.migration] Running upgrade fe26d37d220f -> c2f46d74fb33, Making Organisation optional
INFO  [alembic.runtime.migration] Running upgrade c2f46d74fb33 -> 0da61d9681b1, empty message
INFO  [alembic.runtime.migration] Running upgrade 0da61d9681b1 -> 5ac27507f77e, empty message
INFO  [alembic.runtime.migration] Context impl PostgresqlImpl.
INFO  [alembic.runtime.migration] Will assume transactional DDL.
INFO  [alembic.runtime.migration] Running downgrade 5ac27507f77e -> 0da61d9681b1, empty message
INFO  [alembic.runtime.migration] Running downgrade 0da61d9681b1 -> c2f46d74fb33, empty message
INFO  [alembic.runtime.migration] Running downgrade c2f46d74fb33 -> fe26d37d220f, Making Organisation optional
INFO  [alembic.runtime.migration] Running downgrade fe26d37d220f -> 0576cef39dd8, Adding category entities
INFO  [alembic.runtime.migration] Running downgrade 0576cef39dd8 -> a5b753b898f5, Adding Organisation entity
INFO  [alembic.runtime.migration] Running downgrade a5b753b898f5 -> 631f964e665f, Adding Grant and Allocation entities
INFO  [alembic.runtime.migration] Running downgrade 631f964e665f -> d919f20fe946, Adding Person and Participant entities
INFO  [alembic.runtime.migration] Running downgrade d919f20fe946 -> , Adding Project entity
]]>			</system-err>
		</testcase>
		<testcase classname="test_resource_allocations.PeopleResourceTestCase" file="tests/test_resource_allocations.py" line="706" name="test_allocations_relationship_projects" time="0.634" timestamp="2022-08-08T08:56:07">
			<system-out>
<![CDATA[<flask.ctx.AppContext object at 0x7f6b33dc3e80>
111111
<flask.ctx.AppContext object at 0x7f6b33dc3e80>
222222
]]>			</system-out>
			<system-err>
<![CDATA[INFO  [alembic.runtime.migration] Context impl PostgresqlImpl.
INFO  [alembic.runtime.migration] Will assume transactional DDL.
INFO  [alembic.runtime.migration] Running upgrade  -> d919f20fe946, Adding Project entity
INFO  [alembic.runtime.migration] Running upgrade d919f20fe946 -> 631f964e665f, Adding Person and Participant entities
INFO  [alembic.runtime.migration] Running upgrade 631f964e665f -> a5b753b898f5, Adding Grant and Allocation entities
INFO  [alembic.runtime.migration] Running upgrade a5b753b898f5 -> 0576cef39dd8, Adding Organisation entity
INFO  [alembic.runtime.migration] Running upgrade 0576cef39dd8 -> fe26d37d220f, Adding category entities
INFO  [alembic.runtime.migration] Running upgrade fe26d37d220f -> c2f46d74fb33, Making Organisation optional
INFO  [alembic.runtime.migration] Running upgrade c2f46d74fb33 -> 0da61d9681b1, empty message
INFO  [alembic.runtime.migration] Running upgrade 0da61d9681b1 -> 5ac27507f77e, empty message
INFO  [alembic.runtime.migration] Context impl PostgresqlImpl.
INFO  [alembic.runtime.migration] Will assume transactional DDL.
INFO  [alembic.runtime.migration] Running downgrade 5ac27507f77e -> 0da61d9681b1, empty message
INFO  [alembic.runtime.migration] Running downgrade 0da61d9681b1 -> c2f46d74fb33, empty message
INFO  [alembic.runtime.migration] Running downgrade c2f46d74fb33 -> fe26d37d220f, Making Organisation optional
INFO  [alembic.runtime.migration] Running downgrade fe26d37d220f -> 0576cef39dd8, Adding category entities
INFO  [alembic.runtime.migration] Running downgrade 0576cef39dd8 -> a5b753b898f5, Adding Organisation entity
INFO  [alembic.runtime.migration] Running downgrade a5b753b898f5 -> 631f964e665f, Adding Grant and Allocation entities
INFO  [alembic.runtime.migration] Running downgrade 631f964e665f -> d919f20fe946, Adding Person and Participant entities
INFO  [alembic.runtime.migration] Running downgrade d919f20fe946 -> , Adding Project entity
]]>			</system-err>
		</testcase>
		<testcase classname="test_resource_allocations.PeopleResourceTestCase" file="tests/test_resource_allocations.py" line="667" name="test_allocations_single_missing_unknown_id" time="0.544" timestamp="2022-08-08T08:56:08">
			<system-out>
<![CDATA[<flask.ctx.AppContext object at 0x7f6b3415d438>
111111
<flask.ctx.AppContext object at 0x7f6b3415d438>
222222
]]>			</system-out>
			<system-err>
<![CDATA[INFO  [alembic.runtime.migration] Context impl PostgresqlImpl.
INFO  [alembic.runtime.migration] Will assume transactional DDL.
INFO  [alembic.runtime.migration] Running upgrade  -> d919f20fe946, Adding Project entity
INFO  [alembic.runtime.migration] Running upgrade d919f20fe946 -> 631f964e665f, Adding Person and Participant entities
INFO  [alembic.runtime.migration] Running upgrade 631f964e665f -> a5b753b898f5, Adding Grant and Allocation entities
INFO  [alembic.runtime.migration] Running upgrade a5b753b898f5 -> 0576cef39dd8, Adding Organisation entity
INFO  [alembic.runtime.migration] Running upgrade 0576cef39dd8 -> fe26d37d220f, Adding category entities
INFO  [alembic.runtime.migration] Running upgrade fe26d37d220f -> c2f46d74fb33, Making Organisation optional
INFO  [alembic.runtime.migration] Running upgrade c2f46d74fb33 -> 0da61d9681b1, empty message
INFO  [alembic.runtime.migration] Running upgrade 0da61d9681b1 -> 5ac27507f77e, empty message
INFO  [alembic.runtime.migration] Context impl PostgresqlImpl.
INFO  [alembic.runtime.migration] Will assume transactional DDL.
INFO  [alembic.runtime.migration] Running downgrade 5ac27507f77e -> 0da61d9681b1, empty message
INFO  [alembic.runtime.migration] Running downgrade 0da61d9681b1 -> c2f46d74fb33, empty message
INFO  [alembic.runtime.migration] Running downgrade c2f46d74fb33 -> fe26d37d220f, Making Organisation optional
INFO  [alembic.runtime.migration] Running downgrade fe26d37d220f -> 0576cef39dd8, Adding category entities
INFO  [alembic.runtime.migration] Running downgrade 0576cef39dd8 -> a5b753b898f5, Adding Organisation entity
INFO  [alembic.runtime.migration] Running downgrade a5b753b898f5 -> 631f964e665f, Adding Grant and Allocation entities
INFO  [alembic.runtime.migration] Running downgrade 631f964e665f -> d919f20fe946, Adding Person and Participant entities
INFO  [alembic.runtime.migration] Running downgrade d919f20fe946 -> , Adding Project entity
]]>			</system-err>
		</testcase>
	</testsuite>
	<testsuite errors="0" failures="0" file="test_resource_categorisations.py" name="test_resource_categorisations.CategorisationsResourceTestCase-20220808085558" skipped="0" tests="7" time="4.040" timestamp="2022-08-08T08:56:12">
		<testcase classname="test_resource_categorisations.CategorisationsResourceTestCase" file="tests/test_resource_categorisations.py" line="1068" name="test_categorisations_categories" time="0.586" timestamp="2022-08-08T08:56:08">
			<system-out>
<![CDATA[<flask.ctx.AppContext object at 0x7f6b33ccf780>
111111
<flask.ctx.AppContext object at 0x7f6b33ccf780>
222222
]]>			</system-out>
			<system-err>
<![CDATA[INFO  [alembic.runtime.migration] Context impl PostgresqlImpl.
INFO  [alembic.runtime.migration] Will assume transactional DDL.
INFO  [alembic.runtime.migration] Running upgrade  -> d919f20fe946, Adding Project entity
INFO  [alembic.runtime.migration] Running upgrade d919f20fe946 -> 631f964e665f, Adding Person and Participant entities
INFO  [alembic.runtime.migration] Running upgrade 631f964e665f -> a5b753b898f5, Adding Grant and Allocation entities
INFO  [alembic.runtime.migration] Running upgrade a5b753b898f5 -> 0576cef39dd8, Adding Organisation entity
INFO  [alembic.runtime.migration] Running upgrade 0576cef39dd8 -> fe26d37d220f, Adding category entities
INFO  [alembic.runtime.migration] Running upgrade fe26d37d220f -> c2f46d74fb33, Making Organisation optional
INFO  [alembic.runtime.migration] Running upgrade c2f46d74fb33 -> 0da61d9681b1, empty message
INFO  [alembic.runtime.migration] Running upgrade 0da61d9681b1 -> 5ac27507f77e, empty message
INFO  [alembic.runtime.migration] Context impl PostgresqlImpl.
INFO  [alembic.runtime.migration] Will assume transactional DDL.
INFO  [alembic.runtime.migration] Running downgrade 5ac27507f77e -> 0da61d9681b1, empty message
INFO  [alembic.runtime.migration] Running downgrade 0da61d9681b1 -> c2f46d74fb33, empty message
INFO  [alembic.runtime.migration] Running downgrade c2f46d74fb33 -> fe26d37d220f, Making Organisation optional
INFO  [alembic.runtime.migration] Running downgrade fe26d37d220f -> 0576cef39dd8, Adding category entities
INFO  [alembic.runtime.migration] Running downgrade 0576cef39dd8 -> a5b753b898f5, Adding Organisation entity
INFO  [alembic.runtime.migration] Running downgrade a5b753b898f5 -> 631f964e665f, Adding Grant and Allocation entities
INFO  [alembic.runtime.migration] Running downgrade 631f964e665f -> d919f20fe946, Adding Person and Participant entities
INFO  [alembic.runtime.migration] Running downgrade d919f20fe946 -> , Adding Project entity
]]>			</system-err>
		</testcase>
		<testcase classname="test_resource_categorisations.CategorisationsResourceTestCase" file="tests/test_resource_categorisations.py" line="550" name="test_categorisations_detail" time="0.582" timestamp="2022-08-08T08:56:09">
			<system-out>
<![CDATA[<flask.ctx.AppContext object at 0x7f6b33b9c518>
111111
<flask.ctx.AppContext object at 0x7f6b33b9c518>
222222
]]>			</system-out>
			<system-err>
<![CDATA[INFO  [alembic.runtime.migration] Context impl PostgresqlImpl.
INFO  [alembic.runtime.migration] Will assume transactional DDL.
INFO  [alembic.runtime.migration] Running upgrade  -> d919f20fe946, Adding Project entity
INFO  [alembic.runtime.migration] Running upgrade d919f20fe946 -> 631f964e665f, Adding Person and Participant entities
INFO  [alembic.runtime.migration] Running upgrade 631f964e665f -> a5b753b898f5, Adding Grant and Allocation entities
INFO  [alembic.runtime.migration] Running upgrade a5b753b898f5 -> 0576cef39dd8, Adding Organisation entity
INFO  [alembic.runtime.migration] Running upgrade 0576cef39dd8 -> fe26d37d220f, Adding category entities
INFO  [alembic.runtime.migration] Running upgrade fe26d37d220f -> c2f46d74fb33, Making Organisation optional
INFO  [alembic.runtime.migration] Running upgrade c2f46d74fb33 -> 0da61d9681b1, empty message
INFO  [alembic.runtime.migration] Running upgrade 0da61d9681b1 -> 5ac27507f77e, empty message
INFO  [alembic.runtime.migration] Context impl PostgresqlImpl.
INFO  [alembic.runtime.migration] Will assume transactional DDL.
INFO  [alembic.runtime.migration] Running downgrade 5ac27507f77e -> 0da61d9681b1, empty message
INFO  [alembic.runtime.migration] Running downgrade 0da61d9681b1 -> c2f46d74fb33, empty message
INFO  [alembic.runtime.migration] Running downgrade c2f46d74fb33 -> fe26d37d220f, Making Organisation optional
INFO  [alembic.runtime.migration] Running downgrade fe26d37d220f -> 0576cef39dd8, Adding category entities
INFO  [alembic.runtime.migration] Running downgrade 0576cef39dd8 -> a5b753b898f5, Adding Organisation entity
INFO  [alembic.runtime.migration] Running downgrade a5b753b898f5 -> 631f964e665f, Adding Grant and Allocation entities
INFO  [alembic.runtime.migration] Running downgrade 631f964e665f -> d919f20fe946, Adding Person and Participant entities
INFO  [alembic.runtime.migration] Running downgrade d919f20fe946 -> , Adding Project entity
]]>			</system-err>
		</testcase>
		<testcase classname="test_resource_categorisations.CategorisationsResourceTestCase" file="tests/test_resource_categorisations.py" line="9" name="test_categorisations_list" time="0.572" timestamp="2022-08-08T08:56:09">
			<system-out>
<![CDATA[<flask.ctx.AppContext object at 0x7f6b340b8470>
111111
<flask.ctx.AppContext object at 0x7f6b340b8470>
222222
]]>			</system-out>
			<system-err>
<![CDATA[INFO  [alembic.runtime.migration] Context impl PostgresqlImpl.
INFO  [alembic.runtime.migration] Will assume transactional DDL.
INFO  [alembic.runtime.migration] Running upgrade  -> d919f20fe946, Adding Project entity
INFO  [alembic.runtime.migration] Running upgrade d919f20fe946 -> 631f964e665f, Adding Person and Participant entities
INFO  [alembic.runtime.migration] Running upgrade 631f964e665f -> a5b753b898f5, Adding Grant and Allocation entities
INFO  [alembic.runtime.migration] Running upgrade a5b753b898f5 -> 0576cef39dd8, Adding Organisation entity
INFO  [alembic.runtime.migration] Running upgrade 0576cef39dd8 -> fe26d37d220f, Adding category entities
INFO  [alembic.runtime.migration] Running upgrade fe26d37d220f -> c2f46d74fb33, Making Organisation optional
INFO  [alembic.runtime.migration] Running upgrade c2f46d74fb33 -> 0da61d9681b1, empty message
INFO  [alembic.runtime.migration] Running upgrade 0da61d9681b1 -> 5ac27507f77e, empty message
INFO  [alembic.runtime.migration] Context impl PostgresqlImpl.
INFO  [alembic.runtime.migration] Will assume transactional DDL.
INFO  [alembic.runtime.migration] Running downgrade 5ac27507f77e -> 0da61d9681b1, empty message
INFO  [alembic.runtime.migration] Running downgrade 0da61d9681b1 -> c2f46d74fb33, empty message
INFO  [alembic.runtime.migration] Running downgrade c2f46d74fb33 -> fe26d37d220f, Making Organisation optional
INFO  [alembic.runtime.migration] Running downgrade fe26d37d220f -> 0576cef39dd8, Adding category entities
INFO  [alembic.runtime.migration] Running downgrade 0576cef39dd8 -> a5b753b898f5, Adding Organisation entity
INFO  [alembic.runtime.migration] Running downgrade a5b753b898f5 -> 631f964e665f, Adding Grant and Allocation entities
INFO  [alembic.runtime.migration] Running downgrade 631f964e665f -> d919f20fe946, Adding Person and Participant entities
INFO  [alembic.runtime.migration] Running downgrade d919f20fe946 -> , Adding Project entity
]]>			</system-err>
		</testcase>
		<testcase classname="test_resource_categorisations.CategorisationsResourceTestCase" file="tests/test_resource_categorisations.py" line="941" name="test_categorisations_projects" time="0.590" timestamp="2022-08-08T08:56:10">
			<system-out>
<![CDATA[<flask.ctx.AppContext object at 0x7f6b33f8b4a8>
111111
<flask.ctx.AppContext object at 0x7f6b33f8b4a8>
222222
]]>			</system-out>
			<system-err>
<![CDATA[INFO  [alembic.runtime.migration] Context impl PostgresqlImpl.
INFO  [alembic.runtime.migration] Will assume transactional DDL.
INFO  [alembic.runtime.migration] Running upgrade  -> d919f20fe946, Adding Project entity
INFO  [alembic.runtime.migration] Running upgrade d919f20fe946 -> 631f964e665f, Adding Person and Participant entities
INFO  [alembic.runtime.migration] Running upgrade 631f964e665f -> a5b753b898f5, Adding Grant and Allocation entities
INFO  [alembic.runtime.migration] Running upgrade a5b753b898f5 -> 0576cef39dd8, Adding Organisation entity
INFO  [alembic.runtime.migration] Running upgrade 0576cef39dd8 -> fe26d37d220f, Adding category entities
INFO  [alembic.runtime.migration] Running upgrade fe26d37d220f -> c2f46d74fb33, Making Organisation optional
INFO  [alembic.runtime.migration] Running upgrade c2f46d74fb33 -> 0da61d9681b1, empty message
INFO  [alembic.runtime.migration] Running upgrade 0da61d9681b1 -> 5ac27507f77e, empty message
INFO  [alembic.runtime.migration] Context impl PostgresqlImpl.
INFO  [alembic.runtime.migration] Will assume transactional DDL.
INFO  [alembic.runtime.migration] Running downgrade 5ac27507f77e -> 0da61d9681b1, empty message
INFO  [alembic.runtime.migration] Running downgrade 0da61d9681b1 -> c2f46d74fb33, empty message
INFO  [alembic.runtime.migration] Running downgrade c2f46d74fb33 -> fe26d37d220f, Making Organisation optional
INFO  [alembic.runtime.migration] Running downgrade fe26d37d220f -> 0576cef39dd8, Adding category entities
INFO  [alembic.runtime.migration] Running downgrade 0576cef39dd8 -> a5b753b898f5, Adding Organisation entity
INFO  [alembic.runtime.migration] Running downgrade a5b753b898f5 -> 631f964e665f, Adding Grant and Allocation entities
INFO  [alembic.runtime.migration] Running downgrade 631f964e665f -> d919f20fe946, Adding Person and Participant entities
INFO  [alembic.runtime.migration] Running downgrade d919f20fe946 -> , Adding Project entity
]]>			</system-err>
		</testcase>
		<testcase classname="test_resource_categorisations.CategorisationsResourceTestCase" file="tests/test_resource_categorisations.py" line="919" name="test_categorisations_relationship_categories" time="0.550" timestamp="2022-08-08T08:56:10">
			<system-out>
<![CDATA[<flask.ctx.AppContext object at 0x7f6b33ff9f60>
111111
<flask.ctx.AppContext object at 0x7f6b33ff9f60>
222222
]]>			</system-out>
			<system-err>
<![CDATA[INFO  [alembic.runtime.migration] Context impl PostgresqlImpl.
INFO  [alembic.runtime.migration] Will assume transactional DDL.
INFO  [alembic.runtime.migration] Running upgrade  -> d919f20fe946, Adding Project entity
INFO  [alembic.runtime.migration] Running upgrade d919f20fe946 -> 631f964e665f, Adding Person and Participant entities
INFO  [alembic.runtime.migration] Running upgrade 631f964e665f -> a5b753b898f5, Adding Grant and Allocation entities
INFO  [alembic.runtime.migration] Running upgrade a5b753b898f5 -> 0576cef39dd8, Adding Organisation entity
INFO  [alembic.runtime.migration] Running upgrade 0576cef39dd8 -> fe26d37d220f, Adding category entities
INFO  [alembic.runtime.migration] Running upgrade fe26d37d220f -> c2f46d74fb33, Making Organisation optional
INFO  [alembic.runtime.migration] Running upgrade c2f46d74fb33 -> 0da61d9681b1, empty message
INFO  [alembic.runtime.migration] Running upgrade 0da61d9681b1 -> 5ac27507f77e, empty message
INFO  [alembic.runtime.migration] Context impl PostgresqlImpl.
INFO  [alembic.runtime.migration] Will assume transactional DDL.
INFO  [alembic.runtime.migration] Running downgrade 5ac27507f77e -> 0da61d9681b1, empty message
INFO  [alembic.runtime.migration] Running downgrade 0da61d9681b1 -> c2f46d74fb33, empty message
INFO  [alembic.runtime.migration] Running downgrade c2f46d74fb33 -> fe26d37d220f, Making Organisation optional
INFO  [alembic.runtime.migration] Running downgrade fe26d37d220f -> 0576cef39dd8, Adding category entities
INFO  [alembic.runtime.migration] Running downgrade 0576cef39dd8 -> a5b753b898f5, Adding Organisation entity
INFO  [alembic.runtime.migration] Running downgrade a5b753b898f5 -> 631f964e665f, Adding Grant and Allocation entities
INFO  [alembic.runtime.migration] Running downgrade 631f964e665f -> d919f20fe946, Adding Person and Participant entities
INFO  [alembic.runtime.migration] Running downgrade d919f20fe946 -> , Adding Project entity
]]>			</system-err>
		</testcase>
		<testcase classname="test_resource_categorisations.CategorisationsResourceTestCase" file="tests/test_resource_categorisations.py" line="897" name="test_categorisations_relationship_projects" time="0.533" timestamp="2022-08-08T08:56:11">
			<system-out>
<![CDATA[<flask.ctx.AppContext object at 0x7f6b33b64d68>
111111
<flask.ctx.AppContext object at 0x7f6b33b64d68>
222222
]]>			</system-out>
			<system-err>
<![CDATA[INFO  [alembic.runtime.migration] Context impl PostgresqlImpl.
INFO  [alembic.runtime.migration] Will assume transactional DDL.
INFO  [alembic.runtime.migration] Running upgrade  -> d919f20fe946, Adding Project entity
INFO  [alembic.runtime.migration] Running upgrade d919f20fe946 -> 631f964e665f, Adding Person and Participant entities
INFO  [alembic.runtime.migration] Running upgrade 631f964e665f -> a5b753b898f5, Adding Grant and Allocation entities
INFO  [alembic.runtime.migration] Running upgrade a5b753b898f5 -> 0576cef39dd8, Adding Organisation entity
INFO  [alembic.runtime.migration] Running upgrade 0576cef39dd8 -> fe26d37d220f, Adding category entities
INFO  [alembic.runtime.migration] Running upgrade fe26d37d220f -> c2f46d74fb33, Making Organisation optional
INFO  [alembic.runtime.migration] Running upgrade c2f46d74fb33 -> 0da61d9681b1, empty message
INFO  [alembic.runtime.migration] Running upgrade 0da61d9681b1 -> 5ac27507f77e, empty message
INFO  [alembic.runtime.migration] Context impl PostgresqlImpl.
INFO  [alembic.runtime.migration] Will assume transactional DDL.
INFO  [alembic.runtime.migration] Running downgrade 5ac27507f77e -> 0da61d9681b1, empty message
INFO  [alembic.runtime.migration] Running downgrade 0da61d9681b1 -> c2f46d74fb33, empty message
INFO  [alembic.runtime.migration] Running downgrade c2f46d74fb33 -> fe26d37d220f, Making Organisation optional
INFO  [alembic.runtime.migration] Running downgrade fe26d37d220f -> 0576cef39dd8, Adding category entities
INFO  [alembic.runtime.migration] Running downgrade 0576cef39dd8 -> a5b753b898f5, Adding Organisation entity
INFO  [alembic.runtime.migration] Running downgrade a5b753b898f5 -> 631f964e665f, Adding Grant and Allocation entities
INFO  [alembic.runtime.migration] Running downgrade 631f964e665f -> d919f20fe946, Adding Person and Participant entities
INFO  [alembic.runtime.migration] Running downgrade d919f20fe946 -> , Adding Project entity
]]>			</system-err>
		</testcase>
		<testcase classname="test_resource_categorisations.CategorisationsResourceTestCase" file="tests/test_resource_categorisations.py" line="880" name="test_categorisations_single_missing_unknown_id" time="0.627" timestamp="2022-08-08T08:56:12">
			<system-out>
<![CDATA[<flask.ctx.AppContext object at 0x7f6b33b006a0>
111111
<flask.ctx.AppContext object at 0x7f6b33b006a0>
222222
]]>			</system-out>
			<system-err>
<![CDATA[INFO  [alembic.runtime.migration] Context impl PostgresqlImpl.
INFO  [alembic.runtime.migration] Will assume transactional DDL.
INFO  [alembic.runtime.migration] Running upgrade  -> d919f20fe946, Adding Project entity
INFO  [alembic.runtime.migration] Running upgrade d919f20fe946 -> 631f964e665f, Adding Person and Participant entities
INFO  [alembic.runtime.migration] Running upgrade 631f964e665f -> a5b753b898f5, Adding Grant and Allocation entities
INFO  [alembic.runtime.migration] Running upgrade a5b753b898f5 -> 0576cef39dd8, Adding Organisation entity
INFO  [alembic.runtime.migration] Running upgrade 0576cef39dd8 -> fe26d37d220f, Adding category entities
INFO  [alembic.runtime.migration] Running upgrade fe26d37d220f -> c2f46d74fb33, Making Organisation optional
INFO  [alembic.runtime.migration] Running upgrade c2f46d74fb33 -> 0da61d9681b1, empty message
INFO  [alembic.runtime.migration] Running upgrade 0da61d9681b1 -> 5ac27507f77e, empty message
INFO  [alembic.runtime.migration] Context impl PostgresqlImpl.
INFO  [alembic.runtime.migration] Will assume transactional DDL.
INFO  [alembic.runtime.migration] Running downgrade 5ac27507f77e -> 0da61d9681b1, empty message
INFO  [alembic.runtime.migration] Running downgrade 0da61d9681b1 -> c2f46d74fb33, empty message
INFO  [alembic.runtime.migration] Running downgrade c2f46d74fb33 -> fe26d37d220f, Making Organisation optional
INFO  [alembic.runtime.migration] Running downgrade fe26d37d220f -> 0576cef39dd8, Adding category entities
INFO  [alembic.runtime.migration] Running downgrade 0576cef39dd8 -> a5b753b898f5, Adding Organisation entity
INFO  [alembic.runtime.migration] Running downgrade a5b753b898f5 -> 631f964e665f, Adding Grant and Allocation entities
INFO  [alembic.runtime.migration] Running downgrade 631f964e665f -> d919f20fe946, Adding Person and Participant entities
INFO  [alembic.runtime.migration] Running downgrade d919f20fe946 -> , Adding Project entity
]]>			</system-err>
		</testcase>
	</testsuite>
	<testsuite errors="0" failures="0" file="test_resource_category_schemes.py" name="test_resource_category_schemes.CategorySchemesResourceTestCase-20220808085558" skipped="0" tests="5" time="2.913" timestamp="2022-08-08T08:56:15">
		<testcase classname="test_resource_category_schemes.CategorySchemesResourceTestCase" file="tests/test_resource_category_schemes.py" line="1118" name="test_category_scheme_category_terms" time="0.615" timestamp="2022-08-08T08:56:12">
			<system-out>
<![CDATA[<flask.ctx.AppContext object at 0x7f6b33d41198>
111111
<flask.ctx.AppContext object at 0x7f6b33d41198>
222222
]]>			</system-out>
			<system-err>
<![CDATA[INFO  [alembic.runtime.migration] Context impl PostgresqlImpl.
INFO  [alembic.runtime.migration] Will assume transactional DDL.
INFO  [alembic.runtime.migration] Running upgrade  -> d919f20fe946, Adding Project entity
INFO  [alembic.runtime.migration] Running upgrade d919f20fe946 -> 631f964e665f, Adding Person and Participant entities
INFO  [alembic.runtime.migration] Running upgrade 631f964e665f -> a5b753b898f5, Adding Grant and Allocation entities
INFO  [alembic.runtime.migration] Running upgrade a5b753b898f5 -> 0576cef39dd8, Adding Organisation entity
INFO  [alembic.runtime.migration] Running upgrade 0576cef39dd8 -> fe26d37d220f, Adding category entities
INFO  [alembic.runtime.migration] Running upgrade fe26d37d220f -> c2f46d74fb33, Making Organisation optional
INFO  [alembic.runtime.migration] Running upgrade c2f46d74fb33 -> 0da61d9681b1, empty message
INFO  [alembic.runtime.migration] Running upgrade 0da61d9681b1 -> 5ac27507f77e, empty message
INFO  [alembic.runtime.migration] Context impl PostgresqlImpl.
INFO  [alembic.runtime.migration] Will assume transactional DDL.
INFO  [alembic.runtime.migration] Running downgrade 5ac27507f77e -> 0da61d9681b1, empty message
INFO  [alembic.runtime.migration] Running downgrade 0da61d9681b1 -> c2f46d74fb33, empty message
INFO  [alembic.runtime.migration] Running downgrade c2f46d74fb33 -> fe26d37d220f, Making Organisation optional
INFO  [alembic.runtime.migration] Running downgrade fe26d37d220f -> 0576cef39dd8, Adding category entities
INFO  [alembic.runtime.migration] Running downgrade 0576cef39dd8 -> a5b753b898f5, Adding Organisation entity
INFO  [alembic.runtime.migration] Running downgrade a5b753b898f5 -> 631f964e665f, Adding Grant and Allocation entities
INFO  [alembic.runtime.migration] Running downgrade 631f964e665f -> d919f20fe946, Adding Person and Participant entities
INFO  [alembic.runtime.migration] Running downgrade d919f20fe946 -> , Adding Project entity
]]>			</system-err>
		</testcase>
		<testcase classname="test_resource_category_schemes.CategorySchemesResourceTestCase" file="tests/test_resource_category_schemes.py" line="661" name="test_category_scheme_detail" time="0.594" timestamp="2022-08-08T08:56:13">
			<system-out>
<![CDATA[<flask.ctx.AppContext object at 0x7f6b33fef0f0>
111111
<flask.ctx.AppContext object at 0x7f6b33fef0f0>
222222
]]>			</system-out>
			<system-err>
<![CDATA[INFO  [alembic.runtime.migration] Context impl PostgresqlImpl.
INFO  [alembic.runtime.migration] Will assume transactional DDL.
INFO  [alembic.runtime.migration] Running upgrade  -> d919f20fe946, Adding Project entity
INFO  [alembic.runtime.migration] Running upgrade d919f20fe946 -> 631f964e665f, Adding Person and Participant entities
INFO  [alembic.runtime.migration] Running upgrade 631f964e665f -> a5b753b898f5, Adding Grant and Allocation entities
INFO  [alembic.runtime.migration] Running upgrade a5b753b898f5 -> 0576cef39dd8, Adding Organisation entity
INFO  [alembic.runtime.migration] Running upgrade 0576cef39dd8 -> fe26d37d220f, Adding category entities
INFO  [alembic.runtime.migration] Running upgrade fe26d37d220f -> c2f46d74fb33, Making Organisation optional
INFO  [alembic.runtime.migration] Running upgrade c2f46d74fb33 -> 0da61d9681b1, empty message
INFO  [alembic.runtime.migration] Running upgrade 0da61d9681b1 -> 5ac27507f77e, empty message
INFO  [alembic.runtime.migration] Context impl PostgresqlImpl.
INFO  [alembic.runtime.migration] Will assume transactional DDL.
INFO  [alembic.runtime.migration] Running downgrade 5ac27507f77e -> 0da61d9681b1, empty message
INFO  [alembic.runtime.migration] Running downgrade 0da61d9681b1 -> c2f46d74fb33, empty message
INFO  [alembic.runtime.migration] Running downgrade c2f46d74fb33 -> fe26d37d220f, Making Organisation optional
INFO  [alembic.runtime.migration] Running downgrade fe26d37d220f -> 0576cef39dd8, Adding category entities
INFO  [alembic.runtime.migration] Running downgrade 0576cef39dd8 -> a5b753b898f5, Adding Organisation entity
INFO  [alembic.runtime.migration] Running downgrade a5b753b898f5 -> 631f964e665f, Adding Grant and Allocation entities
INFO  [alembic.runtime.migration] Running downgrade 631f964e665f -> d919f20fe946, Adding Person and Participant entities
INFO  [alembic.runtime.migration] Running downgrade d919f20fe946 -> , Adding Project entity
]]>			</system-err>
		</testcase>
		<testcase classname="test_resource_category_schemes.CategorySchemesResourceTestCase" file="tests/test_resource_category_schemes.py" line="9" name="test_category_scheme_list" time="0.563" timestamp="2022-08-08T08:56:13">
			<system-out>
<![CDATA[<flask.ctx.AppContext object at 0x7f6b33cb9860>
111111
<flask.ctx.AppContext object at 0x7f6b33cb9860>
222222
]]>			</system-out>
			<system-err>
<![CDATA[INFO  [alembic.runtime.migration] Context impl PostgresqlImpl.
INFO  [alembic.runtime.migration] Will assume transactional DDL.
INFO  [alembic.runtime.migration] Running upgrade  -> d919f20fe946, Adding Project entity
INFO  [alembic.runtime.migration] Running upgrade d919f20fe946 -> 631f964e665f, Adding Person and Participant entities
INFO  [alembic.runtime.migration] Running upgrade 631f964e665f -> a5b753b898f5, Adding Grant and Allocation entities
INFO  [alembic.runtime.migration] Running upgrade a5b753b898f5 -> 0576cef39dd8, Adding Organisation entity
INFO  [alembic.runtime.migration] Running upgrade 0576cef39dd8 -> fe26d37d220f, Adding category entities
INFO  [alembic.runtime.migration] Running upgrade fe26d37d220f -> c2f46d74fb33, Making Organisation optional
INFO  [alembic.runtime.migration] Running upgrade c2f46d74fb33 -> 0da61d9681b1, empty message
INFO  [alembic.runtime.migration] Running upgrade 0da61d9681b1 -> 5ac27507f77e, empty message
INFO  [alembic.runtime.migration] Context impl PostgresqlImpl.
INFO  [alembic.runtime.migration] Will assume transactional DDL.
INFO  [alembic.runtime.migration] Running downgrade 5ac27507f77e -> 0da61d9681b1, empty message
INFO  [alembic.runtime.migration] Running downgrade 0da61d9681b1 -> c2f46d74fb33, empty message
INFO  [alembic.runtime.migration] Running downgrade c2f46d74fb33 -> fe26d37d220f, Making Organisation optional
INFO  [alembic.runtime.migration] Running downgrade fe26d37d220f -> 0576cef39dd8, Adding category entities
INFO  [alembic.runtime.migration] Running downgrade 0576cef39dd8 -> a5b753b898f5, Adding Organisation entity
INFO  [alembic.runtime.migration] Running downgrade a5b753b898f5 -> 631f964e665f, Adding Grant and Allocation entities
INFO  [alembic.runtime.migration] Running downgrade 631f964e665f -> d919f20fe946, Adding Person and Participant entities
INFO  [alembic.runtime.migration] Running downgrade d919f20fe946 -> , Adding Project entity
]]>			</system-err>
		</testcase>
		<testcase classname="test_resource_category_schemes.CategorySchemesResourceTestCase" file="tests/test_resource_category_schemes.py" line="1082" name="test_category_scheme_relationship_category_terms" time="0.641" timestamp="2022-08-08T08:56:14">
			<system-out>
<![CDATA[<flask.ctx.AppContext object at 0x7f6b33dbb438>
111111
<flask.ctx.AppContext object at 0x7f6b33dbb438>
222222
]]>			</system-out>
			<system-err>
<![CDATA[INFO  [alembic.runtime.migration] Context impl PostgresqlImpl.
INFO  [alembic.runtime.migration] Will assume transactional DDL.
INFO  [alembic.runtime.migration] Running upgrade  -> d919f20fe946, Adding Project entity
INFO  [alembic.runtime.migration] Running upgrade d919f20fe946 -> 631f964e665f, Adding Person and Participant entities
INFO  [alembic.runtime.migration] Running upgrade 631f964e665f -> a5b753b898f5, Adding Grant and Allocation entities
INFO  [alembic.runtime.migration] Running upgrade a5b753b898f5 -> 0576cef39dd8, Adding Organisation entity
INFO  [alembic.runtime.migration] Running upgrade 0576cef39dd8 -> fe26d37d220f, Adding category entities
INFO  [alembic.runtime.migration] Running upgrade fe26d37d220f -> c2f46d74fb33, Making Organisation optional
INFO  [alembic.runtime.migration] Running upgrade c2f46d74fb33 -> 0da61d9681b1, empty message
INFO  [alembic.runtime.migration] Running upgrade 0da61d9681b1 -> 5ac27507f77e, empty message
INFO  [alembic.runtime.migration] Context impl PostgresqlImpl.
INFO  [alembic.runtime.migration] Will assume transactional DDL.
INFO  [alembic.runtime.migration] Running downgrade 5ac27507f77e -> 0da61d9681b1, empty message
INFO  [alembic.runtime.migration] Running downgrade 0da61d9681b1 -> c2f46d74fb33, empty message
INFO  [alembic.runtime.migration] Running downgrade c2f46d74fb33 -> fe26d37d220f, Making Organisation optional
INFO  [alembic.runtime.migration] Running downgrade fe26d37d220f -> 0576cef39dd8, Adding category entities
INFO  [alembic.runtime.migration] Running downgrade 0576cef39dd8 -> a5b753b898f5, Adding Organisation entity
INFO  [alembic.runtime.migration] Running downgrade a5b753b898f5 -> 631f964e665f, Adding Grant and Allocation entities
INFO  [alembic.runtime.migration] Running downgrade 631f964e665f -> d919f20fe946, Adding Person and Participant entities
INFO  [alembic.runtime.migration] Running downgrade d919f20fe946 -> , Adding Project entity
]]>			</system-err>
		</testcase>
		<testcase classname="test_resource_category_schemes.CategorySchemesResourceTestCase" file="tests/test_resource_category_schemes.py" line="1065" name="test_category_scheme_single_missing_unknown_id" time="0.499" timestamp="2022-08-08T08:56:15">
			<system-out>
<![CDATA[<flask.ctx.AppContext object at 0x7f6b33b00b38>
111111
<flask.ctx.AppContext object at 0x7f6b33b00b38>
222222
]]>			</system-out>
			<system-err>
<![CDATA[INFO  [alembic.runtime.migration] Context impl PostgresqlImpl.
INFO  [alembic.runtime.migration] Will assume transactional DDL.
INFO  [alembic.runtime.migration] Running upgrade  -> d919f20fe946, Adding Project entity
INFO  [alembic.runtime.migration] Running upgrade d919f20fe946 -> 631f964e665f, Adding Person and Participant entities
INFO  [alembic.runtime.migration] Running upgrade 631f964e665f -> a5b753b898f5, Adding Grant and Allocation entities
INFO  [alembic.runtime.migration] Running upgrade a5b753b898f5 -> 0576cef39dd8, Adding Organisation entity
INFO  [alembic.runtime.migration] Running upgrade 0576cef39dd8 -> fe26d37d220f, Adding category entities
INFO  [alembic.runtime.migration] Running upgrade fe26d37d220f -> c2f46d74fb33, Making Organisation optional
INFO  [alembic.runtime.migration] Running upgrade c2f46d74fb33 -> 0da61d9681b1, empty message
INFO  [alembic.runtime.migration] Running upgrade 0da61d9681b1 -> 5ac27507f77e, empty message
INFO  [alembic.runtime.migration] Context impl PostgresqlImpl.
INFO  [alembic.runtime.migration] Will assume transactional DDL.
INFO  [alembic.runtime.migration] Running downgrade 5ac27507f77e -> 0da61d9681b1, empty message
INFO  [alembic.runtime.migration] Running downgrade 0da61d9681b1 -> c2f46d74fb33, empty message
INFO  [alembic.runtime.migration] Running downgrade c2f46d74fb33 -> fe26d37d220f, Making Organisation optional
INFO  [alembic.runtime.migration] Running downgrade fe26d37d220f -> 0576cef39dd8, Adding category entities
INFO  [alembic.runtime.migration] Running downgrade 0576cef39dd8 -> a5b753b898f5, Adding Organisation entity
INFO  [alembic.runtime.migration] Running downgrade a5b753b898f5 -> 631f964e665f, Adding Grant and Allocation entities
INFO  [alembic.runtime.migration] Running downgrade 631f964e665f -> d919f20fe946, Adding Person and Participant entities
INFO  [alembic.runtime.migration] Running downgrade d919f20fe946 -> , Adding Project entity
]]>			</system-err>
		</testcase>
	</testsuite>
	<testsuite errors="0" failures="0" file="test_resource_category_terms.py" name="test_resource_category_terms.CategoryTermsResourceTestCase-20220808085558" skipped="0" tests="9" time="5.041" timestamp="2022-08-08T08:56:20">
		<testcase classname="test_resource_category_terms.CategoryTermsResourceTestCase" file="tests/test_resource_category_terms.py" line="802" name="test_category_term_categorisations" time="0.568" timestamp="2022-08-08T08:56:15">
			<system-out>
<![CDATA[<flask.ctx.AppContext object at 0x7f6b339bfe80>
111111
<flask.ctx.AppContext object at 0x7f6b339bfe80>
222222
]]>			</system-out>
			<system-err>
<![CDATA[INFO  [alembic.runtime.migration] Context impl PostgresqlImpl.
INFO  [alembic.runtime.migration] Will assume transactional DDL.
INFO  [alembic.runtime.migration] Running upgrade  -> d919f20fe946, Adding Project entity
INFO  [alembic.runtime.migration] Running upgrade d919f20fe946 -> 631f964e665f, Adding Person and Participant entities
INFO  [alembic.runtime.migration] Running upgrade 631f964e665f -> a5b753b898f5, Adding Grant and Allocation entities
INFO  [alembic.runtime.migration] Running upgrade a5b753b898f5 -> 0576cef39dd8, Adding Organisation entity
INFO  [alembic.runtime.migration] Running upgrade 0576cef39dd8 -> fe26d37d220f, Adding category entities
INFO  [alembic.runtime.migration] Running upgrade fe26d37d220f -> c2f46d74fb33, Making Organisation optional
INFO  [alembic.runtime.migration] Running upgrade c2f46d74fb33 -> 0da61d9681b1, empty message
INFO  [alembic.runtime.migration] Running upgrade 0da61d9681b1 -> 5ac27507f77e, empty message
INFO  [alembic.runtime.migration] Context impl PostgresqlImpl.
INFO  [alembic.runtime.migration] Will assume transactional DDL.
INFO  [alembic.runtime.migration] Running downgrade 5ac27507f77e -> 0da61d9681b1, empty message
INFO  [alembic.runtime.migration] Running downgrade 0da61d9681b1 -> c2f46d74fb33, empty message
INFO  [alembic.runtime.migration] Running downgrade c2f46d74fb33 -> fe26d37d220f, Making Organisation optional
INFO  [alembic.runtime.migration] Running downgrade fe26d37d220f -> 0576cef39dd8, Adding category entities
INFO  [alembic.runtime.migration] Running downgrade 0576cef39dd8 -> a5b753b898f5, Adding Organisation entity
INFO  [alembic.runtime.migration] Running downgrade a5b753b898f5 -> 631f964e665f, Adding Grant and Allocation entities
INFO  [alembic.runtime.migration] Running downgrade 631f964e665f -> d919f20fe946, Adding Person and Participant entities
INFO  [alembic.runtime.migration] Running downgrade d919f20fe946 -> , Adding Project entity
]]>			</system-err>
		</testcase>
		<testcase classname="test_resource_category_terms.CategoryTermsResourceTestCase" file="tests/test_resource_category_terms.py" line="743" name="test_category_term_category_schemes" time="0.514" timestamp="2022-08-08T08:56:16">
			<system-out>
<![CDATA[<flask.ctx.AppContext object at 0x7f6b33bf18d0>
111111
<flask.ctx.AppContext object at 0x7f6b33bf18d0>
222222
]]>			</system-out>
			<system-err>
<![CDATA[INFO  [alembic.runtime.migration] Context impl PostgresqlImpl.
INFO  [alembic.runtime.migration] Will assume transactional DDL.
INFO  [alembic.runtime.migration] Running upgrade  -> d919f20fe946, Adding Project entity
INFO  [alembic.runtime.migration] Running upgrade d919f20fe946 -> 631f964e665f, Adding Person and Participant entities
INFO  [alembic.runtime.migration] Running upgrade 631f964e665f -> a5b753b898f5, Adding Grant and Allocation entities
INFO  [alembic.runtime.migration] Running upgrade a5b753b898f5 -> 0576cef39dd8, Adding Organisation entity
INFO  [alembic.runtime.migration] Running upgrade 0576cef39dd8 -> fe26d37d220f, Adding category entities
INFO  [alembic.runtime.migration] Running upgrade fe26d37d220f -> c2f46d74fb33, Making Organisation optional
INFO  [alembic.runtime.migration] Running upgrade c2f46d74fb33 -> 0da61d9681b1, empty message
INFO  [alembic.runtime.migration] Running upgrade 0da61d9681b1 -> 5ac27507f77e, empty message
INFO  [alembic.runtime.migration] Context impl PostgresqlImpl.
INFO  [alembic.runtime.migration] Will assume transactional DDL.
INFO  [alembic.runtime.migration] Running downgrade 5ac27507f77e -> 0da61d9681b1, empty message
INFO  [alembic.runtime.migration] Running downgrade 0da61d9681b1 -> c2f46d74fb33, empty message
INFO  [alembic.runtime.migration] Running downgrade c2f46d74fb33 -> fe26d37d220f, Making Organisation optional
INFO  [alembic.runtime.migration] Running downgrade fe26d37d220f -> 0576cef39dd8, Adding category entities
INFO  [alembic.runtime.migration] Running downgrade 0576cef39dd8 -> a5b753b898f5, Adding Organisation entity
INFO  [alembic.runtime.migration] Running downgrade a5b753b898f5 -> 631f964e665f, Adding Grant and Allocation entities
INFO  [alembic.runtime.migration] Running downgrade 631f964e665f -> d919f20fe946, Adding Person and Participant entities
INFO  [alembic.runtime.migration] Running downgrade d919f20fe946 -> , Adding Project entity
]]>			</system-err>
		</testcase>
		<testcase classname="test_resource_category_terms.CategoryTermsResourceTestCase" file="tests/test_resource_category_terms.py" line="252" name="test_category_term_detail" time="0.589" timestamp="2022-08-08T08:56:16">
			<system-out>
<![CDATA[<flask.ctx.AppContext object at 0x7f6b33bc7dd8>
111111
<flask.ctx.AppContext object at 0x7f6b33bc7dd8>
222222
]]>			</system-out>
			<system-err>
<![CDATA[INFO  [alembic.runtime.migration] Context impl PostgresqlImpl.
INFO  [alembic.runtime.migration] Will assume transactional DDL.
INFO  [alembic.runtime.migration] Running upgrade  -> d919f20fe946, Adding Project entity
INFO  [alembic.runtime.migration] Running upgrade d919f20fe946 -> 631f964e665f, Adding Person and Participant entities
INFO  [alembic.runtime.migration] Running upgrade 631f964e665f -> a5b753b898f5, Adding Grant and Allocation entities
INFO  [alembic.runtime.migration] Running upgrade a5b753b898f5 -> 0576cef39dd8, Adding Organisation entity
INFO  [alembic.runtime.migration] Running upgrade 0576cef39dd8 -> fe26d37d220f, Adding category entities
INFO  [alembic.runtime.migration] Running upgrade fe26d37d220f -> c2f46d74fb33, Making Organisation optional
INFO  [alembic.runtime.migration] Running upgrade c2f46d74fb33 -> 0da61d9681b1, empty message
INFO  [alembic.runtime.migration] Running upgrade 0da61d9681b1 -> 5ac27507f77e, empty message
INFO  [alembic.runtime.migration] Context impl PostgresqlImpl.
INFO  [alembic.runtime.migration] Will assume transactional DDL.
INFO  [alembic.runtime.migration] Running downgrade 5ac27507f77e -> 0da61d9681b1, empty message
INFO  [alembic.runtime.migration] Running downgrade 0da61d9681b1 -> c2f46d74fb33, empty message
INFO  [alembic.runtime.migration] Running downgrade c2f46d74fb33 -> fe26d37d220f, Making Organisation optional
INFO  [alembic.runtime.migration] Running downgrade fe26d37d220f -> 0576cef39dd8, Adding category entities
INFO  [alembic.runtime.migration] Running downgrade 0576cef39dd8 -> a5b753b898f5, Adding Organisation entity
INFO  [alembic.runtime.migration] Running downgrade a5b753b898f5 -> 631f964e665f, Adding Grant and Allocation entities
INFO  [alembic.runtime.migration] Running downgrade 631f964e665f -> d919f20fe946, Adding Person and Participant entities
INFO  [alembic.runtime.migration] Running downgrade d919f20fe946 -> , Adding Project entity
]]>			</system-err>
		</testcase>
		<testcase classname="test_resource_category_terms.CategoryTermsResourceTestCase" file="tests/test_resource_category_terms.py" line="9" name="test_category_term_list" time="0.552" timestamp="2022-08-08T08:56:17">
			<system-out>
<![CDATA[<flask.ctx.AppContext object at 0x7f6b33ebc860>
111111
<flask.ctx.AppContext object at 0x7f6b33ebc860>
222222
]]>			</system-out>
			<system-err>
<![CDATA[INFO  [alembic.runtime.migration] Context impl PostgresqlImpl.
INFO  [alembic.runtime.migration] Will assume transactional DDL.
INFO  [alembic.runtime.migration] Running upgrade  -> d919f20fe946, Adding Project entity
INFO  [alembic.runtime.migration] Running upgrade d919f20fe946 -> 631f964e665f, Adding Person and Participant entities
INFO  [alembic.runtime.migration] Running upgrade 631f964e665f -> a5b753b898f5, Adding Grant and Allocation entities
INFO  [alembic.runtime.migration] Running upgrade a5b753b898f5 -> 0576cef39dd8, Adding Organisation entity
INFO  [alembic.runtime.migration] Running upgrade 0576cef39dd8 -> fe26d37d220f, Adding category entities
INFO  [alembic.runtime.migration] Running upgrade fe26d37d220f -> c2f46d74fb33, Making Organisation optional
INFO  [alembic.runtime.migration] Running upgrade c2f46d74fb33 -> 0da61d9681b1, empty message
INFO  [alembic.runtime.migration] Running upgrade 0da61d9681b1 -> 5ac27507f77e, empty message
INFO  [alembic.runtime.migration] Context impl PostgresqlImpl.
INFO  [alembic.runtime.migration] Will assume transactional DDL.
INFO  [alembic.runtime.migration] Running downgrade 5ac27507f77e -> 0da61d9681b1, empty message
INFO  [alembic.runtime.migration] Running downgrade 0da61d9681b1 -> c2f46d74fb33, empty message
INFO  [alembic.runtime.migration] Running downgrade c2f46d74fb33 -> fe26d37d220f, Making Organisation optional
INFO  [alembic.runtime.migration] Running downgrade fe26d37d220f -> 0576cef39dd8, Adding category entities
INFO  [alembic.runtime.migration] Running downgrade 0576cef39dd8 -> a5b753b898f5, Adding Organisation entity
INFO  [alembic.runtime.migration] Running downgrade a5b753b898f5 -> 631f964e665f, Adding Grant and Allocation entities
INFO  [alembic.runtime.migration] Running downgrade 631f964e665f -> d919f20fe946, Adding Person and Participant entities
INFO  [alembic.runtime.migration] Running downgrade d919f20fe946 -> , Adding Project entity
]]>			</system-err>
		</testcase>
		<testcase classname="test_resource_category_terms.CategoryTermsResourceTestCase" file="tests/test_resource_category_terms.py" line="667" name="test_category_term_parent_category_terms" time="0.573" timestamp="2022-08-08T08:56:17">
			<system-out>
<![CDATA[<flask.ctx.AppContext object at 0x7f6b35e8c128>
111111
<flask.ctx.AppContext object at 0x7f6b35e8c128>
222222
]]>			</system-out>
			<system-err>
<![CDATA[INFO  [alembic.runtime.migration] Context impl PostgresqlImpl.
INFO  [alembic.runtime.migration] Will assume transactional DDL.
INFO  [alembic.runtime.migration] Running upgrade  -> d919f20fe946, Adding Project entity
INFO  [alembic.runtime.migration] Running upgrade d919f20fe946 -> 631f964e665f, Adding Person and Participant entities
INFO  [alembic.runtime.migration] Running upgrade 631f964e665f -> a5b753b898f5, Adding Grant and Allocation entities
INFO  [alembic.runtime.migration] Running upgrade a5b753b898f5 -> 0576cef39dd8, Adding Organisation entity
INFO  [alembic.runtime.migration] Running upgrade 0576cef39dd8 -> fe26d37d220f, Adding category entities
INFO  [alembic.runtime.migration] Running upgrade fe26d37d220f -> c2f46d74fb33, Making Organisation optional
INFO  [alembic.runtime.migration] Running upgrade c2f46d74fb33 -> 0da61d9681b1, empty message
INFO  [alembic.runtime.migration] Running upgrade 0da61d9681b1 -> 5ac27507f77e, empty message
INFO  [alembic.runtime.migration] Context impl PostgresqlImpl.
INFO  [alembic.runtime.migration] Will assume transactional DDL.
INFO  [alembic.runtime.migration] Running downgrade 5ac27507f77e -> 0da61d9681b1, empty message
INFO  [alembic.runtime.migration] Running downgrade 0da61d9681b1 -> c2f46d74fb33, empty message
INFO  [alembic.runtime.migration] Running downgrade c2f46d74fb33 -> fe26d37d220f, Making Organisation optional
INFO  [alembic.runtime.migration] Running downgrade fe26d37d220f -> 0576cef39dd8, Adding category entities
INFO  [alembic.runtime.migration] Running downgrade 0576cef39dd8 -> a5b753b898f5, Adding Organisation entity
INFO  [alembic.runtime.migration] Running downgrade a5b753b898f5 -> 631f964e665f, Adding Grant and Allocation entities
INFO  [alembic.runtime.migration] Running downgrade 631f964e665f -> d919f20fe946, Adding Person and Participant entities
INFO  [alembic.runtime.migration] Running downgrade d919f20fe946 -> , Adding Project entity
]]>			</system-err>
		</testcase>
		<testcase classname="test_resource_category_terms.CategoryTermsResourceTestCase" file="tests/test_resource_category_terms.py" line="643" name="test_category_term_relationship_categorisations" time="0.519" timestamp="2022-08-08T08:56:18">
			<system-out>
<![CDATA[<flask.ctx.AppContext object at 0x7f6b33b00128>
111111
<flask.ctx.AppContext object at 0x7f6b33b00128>
222222
]]>			</system-out>
			<system-err>
<![CDATA[INFO  [alembic.runtime.migration] Context impl PostgresqlImpl.
INFO  [alembic.runtime.migration] Will assume transactional DDL.
INFO  [alembic.runtime.migration] Running upgrade  -> d919f20fe946, Adding Project entity
INFO  [alembic.runtime.migration] Running upgrade d919f20fe946 -> 631f964e665f, Adding Person and Participant entities
INFO  [alembic.runtime.migration] Running upgrade 631f964e665f -> a5b753b898f5, Adding Grant and Allocation entities
INFO  [alembic.runtime.migration] Running upgrade a5b753b898f5 -> 0576cef39dd8, Adding Organisation entity
INFO  [alembic.runtime.migration] Running upgrade 0576cef39dd8 -> fe26d37d220f, Adding category entities
INFO  [alembic.runtime.migration] Running upgrade fe26d37d220f -> c2f46d74fb33, Making Organisation optional
INFO  [alembic.runtime.migration] Running upgrade c2f46d74fb33 -> 0da61d9681b1, empty message
INFO  [alembic.runtime.migration] Running upgrade 0da61d9681b1 -> 5ac27507f77e, empty message
INFO  [alembic.runtime.migration] Context impl PostgresqlImpl.
INFO  [alembic.runtime.migration] Will assume transactional DDL.
INFO  [alembic.runtime.migration] Running downgrade 5ac27507f77e -> 0da61d9681b1, empty message
INFO  [alembic.runtime.migration] Running downgrade 0da61d9681b1 -> c2f46d74fb33, empty message
INFO  [alembic.runtime.migration] Running downgrade c2f46d74fb33 -> fe26d37d220f, Making Organisation optional
INFO  [alembic.runtime.migration] Running downgrade fe26d37d220f -> 0576cef39dd8, Adding category entities
INFO  [alembic.runtime.migration] Running downgrade 0576cef39dd8 -> a5b753b898f5, Adding Organisation entity
INFO  [alembic.runtime.migration] Running downgrade a5b753b898f5 -> 631f964e665f, Adding Grant and Allocation entities
INFO  [alembic.runtime.migration] Running downgrade 631f964e665f -> d919f20fe946, Adding Person and Participant entities
INFO  [alembic.runtime.migration] Running downgrade d919f20fe946 -> , Adding Project entity
]]>			</system-err>
		</testcase>
		<testcase classname="test_resource_category_terms.CategoryTermsResourceTestCase" file="tests/test_resource_category_terms.py" line="621" name="test_category_term_relationship_category_schemes" time="0.658" timestamp="2022-08-08T08:56:19">
			<system-out>
<![CDATA[<flask.ctx.AppContext object at 0x7f6b338d7438>
111111
<flask.ctx.AppContext object at 0x7f6b338d7438>
222222
]]>			</system-out>
			<system-err>
<![CDATA[INFO  [alembic.runtime.migration] Context impl PostgresqlImpl.
INFO  [alembic.runtime.migration] Will assume transactional DDL.
INFO  [alembic.runtime.migration] Running upgrade  -> d919f20fe946, Adding Project entity
INFO  [alembic.runtime.migration] Running upgrade d919f20fe946 -> 631f964e665f, Adding Person and Participant entities
INFO  [alembic.runtime.migration] Running upgrade 631f964e665f -> a5b753b898f5, Adding Grant and Allocation entities
INFO  [alembic.runtime.migration] Running upgrade a5b753b898f5 -> 0576cef39dd8, Adding Organisation entity
INFO  [alembic.runtime.migration] Running upgrade 0576cef39dd8 -> fe26d37d220f, Adding category entities
INFO  [alembic.runtime.migration] Running upgrade fe26d37d220f -> c2f46d74fb33, Making Organisation optional
INFO  [alembic.runtime.migration] Running upgrade c2f46d74fb33 -> 0da61d9681b1, empty message
INFO  [alembic.runtime.migration] Running upgrade 0da61d9681b1 -> 5ac27507f77e, empty message
INFO  [alembic.runtime.migration] Context impl PostgresqlImpl.
INFO  [alembic.runtime.migration] Will assume transactional DDL.
INFO  [alembic.runtime.migration] Running downgrade 5ac27507f77e -> 0da61d9681b1, empty message
INFO  [alembic.runtime.migration] Running downgrade 0da61d9681b1 -> c2f46d74fb33, empty message
INFO  [alembic.runtime.migration] Running downgrade c2f46d74fb33 -> fe26d37d220f, Making Organisation optional
INFO  [alembic.runtime.migration] Running downgrade fe26d37d220f -> 0576cef39dd8, Adding category entities
INFO  [alembic.runtime.migration] Running downgrade 0576cef39dd8 -> a5b753b898f5, Adding Organisation entity
[...]
INFO  [alembic.runtime.migration] Context impl PostgresqlImpl.
INFO  [alembic.runtime.migration] Will assume transactional DDL.
INFO  [alembic.runtime.migration] Running downgrade 5ac27507f77e -> 0da61d9681b1, empty message
INFO  [alembic.runtime.migration] Running downgrade 0da61d9681b1 -> c2f46d74fb33, empty message
INFO  [alembic.runtime.migration] Running downgrade c2f46d74fb33 -> fe26d37d220f, Making Organisation optional
INFO  [alembic.runtime.migration] Running downgrade fe26d37d220f -> 0576cef39dd8, Adding category entities
INFO  [alembic.runtime.migration] Running downgrade 0576cef39dd8 -> a5b753b898f5, Adding Organisation entity
INFO  [alembic.runtime.migration] Running downgrade a5b753b898f5 -> 631f964e665f, Adding Grant and Allocation entities
INFO  [alembic.runtime.migration] Running downgrade 631f964e665f -> d919f20fe946, Adding Person and Participant entities
INFO  [alembic.runtime.migration] Running downgrade d919f20fe946 -> , Adding Project entity
]]>			</system-err>
		</testcase>
		<testcase classname="test_resource_projects.ProjectsResourceTestCase" file="tests/test_resource_projects.py" line="1852" name="test_projects_categorisations" time="0.526" timestamp="2022-08-08T08:56:37">
			<system-out>
<![CDATA[<flask.ctx.AppContext object at 0x7f6b33fcca20>
111111
<flask.ctx.AppContext object at 0x7f6b33fcca20>
222222
]]>			</system-out>
			<system-err>
<![CDATA[INFO  [alembic.runtime.migration] Context impl PostgresqlImpl.
INFO  [alembic.runtime.migration] Will assume transactional DDL.
INFO  [alembic.runtime.migration] Running upgrade  -> d919f20fe946, Adding Project entity
INFO  [alembic.runtime.migration] Running upgrade d919f20fe946 -> 631f964e665f, Adding Person and Participant entities
INFO  [alembic.runtime.migration] Running upgrade 631f964e665f -> a5b753b898f5, Adding Grant and Allocation entities
INFO  [alembic.runtime.migration] Running upgrade a5b753b898f5 -> 0576cef39dd8, Adding Organisation entity
INFO  [alembic.runtime.migration] Running upgrade 0576cef39dd8 -> fe26d37d220f, Adding category entities
INFO  [alembic.runtime.migration] Running upgrade fe26d37d220f -> c2f46d74fb33, Making Organisation optional
INFO  [alembic.runtime.migration] Running upgrade c2f46d74fb33 -> 0da61d9681b1, empty message
INFO  [alembic.runtime.migration] Running upgrade 0da61d9681b1 -> 5ac27507f77e, empty message
INFO  [alembic.runtime.migration] Context impl PostgresqlImpl.
INFO  [alembic.runtime.migration] Will assume transactional DDL.
INFO  [alembic.runtime.migration] Running downgrade 5ac27507f77e -> 0da61d9681b1, empty message
INFO  [alembic.runtime.migration] Running downgrade 0da61d9681b1 -> c2f46d74fb33, empty message
INFO  [alembic.runtime.migration] Running downgrade c2f46d74fb33 -> fe26d37d220f, Making Organisation optional
INFO  [alembic.runtime.migration] Running downgrade fe26d37d220f -> 0576cef39dd8, Adding category entities
INFO  [alembic.runtime.migration] Running downgrade 0576cef39dd8 -> a5b753b898f5, Adding Organisation entity
INFO  [alembic.runtime.migration] Running downgrade a5b753b898f5 -> 631f964e665f, Adding Grant and Allocation entities
INFO  [alembic.runtime.migration] Running downgrade 631f964e665f -> d919f20fe946, Adding Person and Participant entities
INFO  [alembic.runtime.migration] Running downgrade d919f20fe946 -> , Adding Project entity
]]>			</system-err>
		</testcase>
		<testcase classname="test_resource_projects.ProjectsResourceTestCase" file="tests/test_resource_projects.py" line="951" name="test_projects_detail" time="0.596" timestamp="2022-08-08T08:56:37">
			<system-out>
<![CDATA[<flask.ctx.AppContext object at 0x7f6b33aec1d0>
111111
<flask.ctx.AppContext object at 0x7f6b33aec1d0>
222222
]]>			</system-out>
			<system-err>
<![CDATA[INFO  [alembic.runtime.migration] Context impl PostgresqlImpl.
INFO  [alembic.runtime.migration] Will assume transactional DDL.
INFO  [alembic.runtime.migration] Running upgrade  -> d919f20fe946, Adding Project entity
INFO  [alembic.runtime.migration] Running upgrade d919f20fe946 -> 631f964e665f, Adding Person and Participant entities
INFO  [alembic.runtime.migration] Running upgrade 631f964e665f -> a5b753b898f5, Adding Grant and Allocation entities
INFO  [alembic.runtime.migration] Running upgrade a5b753b898f5 -> 0576cef39dd8, Adding Organisation entity
INFO  [alembic.runtime.migration] Running upgrade 0576cef39dd8 -> fe26d37d220f, Adding category entities
INFO  [alembic.runtime.migration] Running upgrade fe26d37d220f -> c2f46d74fb33, Making Organisation optional
INFO  [alembic.runtime.migration] Running upgrade c2f46d74fb33 -> 0da61d9681b1, empty message
INFO  [alembic.runtime.migration] Running upgrade 0da61d9681b1 -> 5ac27507f77e, empty message
INFO  [alembic.runtime.migration] Context impl PostgresqlImpl.
INFO  [alembic.runtime.migration] Will assume transactional DDL.
INFO  [alembic.runtime.migration] Running downgrade 5ac27507f77e -> 0da61d9681b1, empty message
INFO  [alembic.runtime.migration] Running downgrade 0da61d9681b1 -> c2f46d74fb33, empty message
INFO  [alembic.runtime.migration] Running downgrade c2f46d74fb33 -> fe26d37d220f, Making Organisation optional
INFO  [alembic.runtime.migration] Running downgrade fe26d37d220f -> 0576cef39dd8, Adding category entities
INFO  [alembic.runtime.migration] Running downgrade 0576cef39dd8 -> a5b753b898f5, Adding Organisation entity
INFO  [alembic.runtime.migration] Running downgrade a5b753b898f5 -> 631f964e665f, Adding Grant and Allocation entities
INFO  [alembic.runtime.migration] Running downgrade 631f964e665f -> d919f20fe946, Adding Person and Participant entities
INFO  [alembic.runtime.migration] Running downgrade d919f20fe946 -> , Adding Project entity
]]>			</system-err>
		</testcase>
		<testcase classname="test_resource_projects.ProjectsResourceTestCase" file="tests/test_resource_projects.py" line="9" name="test_projects_list" time="0.600" timestamp="2022-08-08T08:56:38">
			<system-out>
<![CDATA[<flask.ctx.AppContext object at 0x7f6b338a1f60>
111111
<flask.ctx.AppContext object at 0x7f6b338a1f60>
222222
]]>			</system-out>
			<system-err>
<![CDATA[INFO  [alembic.runtime.migration] Context impl PostgresqlImpl.
INFO  [alembic.runtime.migration] Will assume transactional DDL.
INFO  [alembic.runtime.migration] Running upgrade  -> d919f20fe946, Adding Project entity
INFO  [alembic.runtime.migration] Running upgrade d919f20fe946 -> 631f964e665f, Adding Person and Participant entities
INFO  [alembic.runtime.migration] Running upgrade 631f964e665f -> a5b753b898f5, Adding Grant and Allocation entities
INFO  [alembic.runtime.migration] Running upgrade a5b753b898f5 -> 0576cef39dd8, Adding Organisation entity
INFO  [alembic.runtime.migration] Running upgrade 0576cef39dd8 -> fe26d37d220f, Adding category entities
INFO  [alembic.runtime.migration] Running upgrade fe26d37d220f -> c2f46d74fb33, Making Organisation optional
INFO  [alembic.runtime.migration] Running upgrade c2f46d74fb33 -> 0da61d9681b1, empty message
INFO  [alembic.runtime.migration] Running upgrade 0da61d9681b1 -> 5ac27507f77e, empty message
INFO  [alembic.runtime.migration] Context impl PostgresqlImpl.
INFO  [alembic.runtime.migration] Will assume transactional DDL.
INFO  [alembic.runtime.migration] Running downgrade 5ac27507f77e -> 0da61d9681b1, empty message
INFO  [alembic.runtime.migration] Running downgrade 0da61d9681b1 -> c2f46d74fb33, empty message
INFO  [alembic.runtime.migration] Running downgrade c2f46d74fb33 -> fe26d37d220f, Making Organisation optional
INFO  [alembic.runtime.migration] Running downgrade fe26d37d220f -> 0576cef39dd8, Adding category entities
INFO  [alembic.runtime.migration] Running downgrade 0576cef39dd8 -> a5b753b898f5, Adding Organisation entity
INFO  [alembic.runtime.migration] Running downgrade a5b753b898f5 -> 631f964e665f, Adding Grant and Allocation entities
INFO  [alembic.runtime.migration] Running downgrade 631f964e665f -> d919f20fe946, Adding Person and Participant entities
INFO  [alembic.runtime.migration] Running downgrade d919f20fe946 -> , Adding Project entity
]]>			</system-err>
		</testcase>
		<testcase classname="test_resource_projects.ProjectsResourceTestCase" file="tests/test_resource_projects.py" line="1759" name="test_projects_participants" time="0.533" timestamp="2022-08-08T08:56:39">
			<system-out>
<![CDATA[<flask.ctx.AppContext object at 0x7f6b33aec1d0>
111111
<flask.ctx.AppContext object at 0x7f6b33aec1d0>
222222
]]>			</system-out>
			<system-err>
<![CDATA[INFO  [alembic.runtime.migration] Context impl PostgresqlImpl.
INFO  [alembic.runtime.migration] Will assume transactional DDL.
INFO  [alembic.runtime.migration] Running upgrade  -> d919f20fe946, Adding Project entity
INFO  [alembic.runtime.migration] Running upgrade d919f20fe946 -> 631f964e665f, Adding Person and Participant entities
INFO  [alembic.runtime.migration] Running upgrade 631f964e665f -> a5b753b898f5, Adding Grant and Allocation entities
INFO  [alembic.runtime.migration] Running upgrade a5b753b898f5 -> 0576cef39dd8, Adding Organisation entity
INFO  [alembic.runtime.migration] Running upgrade 0576cef39dd8 -> fe26d37d220f, Adding category entities
INFO  [alembic.runtime.migration] Running upgrade fe26d37d220f -> c2f46d74fb33, Making Organisation optional
INFO  [alembic.runtime.migration] Running upgrade c2f46d74fb33 -> 0da61d9681b1, empty message
INFO  [alembic.runtime.migration] Running upgrade 0da61d9681b1 -> 5ac27507f77e, empty message
INFO  [alembic.runtime.migration] Context impl PostgresqlImpl.
INFO  [alembic.runtime.migration] Will assume transactional DDL.
INFO  [alembic.runtime.migration] Running downgrade 5ac27507f77e -> 0da61d9681b1, empty message
INFO  [alembic.runtime.migration] Running downgrade 0da61d9681b1 -> c2f46d74fb33, empty message
INFO  [alembic.runtime.migration] Running downgrade c2f46d74fb33 -> fe26d37d220f, Making Organisation optional
INFO  [alembic.runtime.migration] Running downgrade fe26d37d220f -> 0576cef39dd8, Adding category entities
INFO  [alembic.runtime.migration] Running downgrade 0576cef39dd8 -> a5b753b898f5, Adding Organisation entity
INFO  [alembic.runtime.migration] Running downgrade a5b753b898f5 -> 631f964e665f, Adding Grant and Allocation entities
INFO  [alembic.runtime.migration] Running downgrade 631f964e665f -> d919f20fe946, Adding Person and Participant entities
INFO  [alembic.runtime.migration] Running downgrade d919f20fe946 -> , Adding Project entity
]]>			</system-err>
		</testcase>
		<testcase classname="test_resource_projects.ProjectsResourceTestCase" file="tests/test_resource_projects.py" line="1635" name="test_projects_relationship_allocations" time="0.581" timestamp="2022-08-08T08:56:39">
			<system-out>
<![CDATA[<flask.ctx.AppContext object at 0x7f6b334be588>
111111
<flask.ctx.AppContext object at 0x7f6b334be588>
222222
]]>			</system-out>
			<system-err>
<![CDATA[INFO  [alembic.runtime.migration] Context impl PostgresqlImpl.
INFO  [alembic.runtime.migration] Will assume transactional DDL.
INFO  [alembic.runtime.migration] Running upgrade  -> d919f20fe946, Adding Project entity
INFO  [alembic.runtime.migration] Running upgrade d919f20fe946 -> 631f964e665f, Adding Person and Participant entities
INFO  [alembic.runtime.migration] Running upgrade 631f964e665f -> a5b753b898f5, Adding Grant and Allocation entities
INFO  [alembic.runtime.migration] Running upgrade a5b753b898f5 -> 0576cef39dd8, Adding Organisation entity
INFO  [alembic.runtime.migration] Running upgrade 0576cef39dd8 -> fe26d37d220f, Adding category entities
INFO  [alembic.runtime.migration] Running upgrade fe26d37d220f -> c2f46d74fb33, Making Organisation optional
INFO  [alembic.runtime.migration] Running upgrade c2f46d74fb33 -> 0da61d9681b1, empty message
INFO  [alembic.runtime.migration] Running upgrade 0da61d9681b1 -> 5ac27507f77e, empty message
INFO  [alembic.runtime.migration] Context impl PostgresqlImpl.
INFO  [alembic.runtime.migration] Will assume transactional DDL.
INFO  [alembic.runtime.migration] Running downgrade 5ac27507f77e -> 0da61d9681b1, empty message
INFO  [alembic.runtime.migration] Running downgrade 0da61d9681b1 -> c2f46d74fb33, empty message
INFO  [alembic.runtime.migration] Running downgrade c2f46d74fb33 -> fe26d37d220f, Making Organisation optional
INFO  [alembic.runtime.migration] Running downgrade fe26d37d220f -> 0576cef39dd8, Adding category entities
INFO  [alembic.runtime.migration] Running downgrade 0576cef39dd8 -> a5b753b898f5, Adding Organisation entity
INFO  [alembic.runtime.migration] Running downgrade a5b753b898f5 -> 631f964e665f, Adding Grant and Allocation entities
INFO  [alembic.runtime.migration] Running downgrade 631f964e665f -> d919f20fe946, Adding Person and Participant entities
INFO  [alembic.runtime.migration] Running downgrade d919f20fe946 -> , Adding Project entity
]]>			</system-err>
		</testcase>
		<testcase classname="test_resource_projects.ProjectsResourceTestCase" file="tests/test_resource_projects.py" line="1687" name="test_projects_relationship_categorisations" time="0.551" timestamp="2022-08-08T08:56:40">
			<system-out>
<![CDATA[<flask.ctx.AppContext object at 0x7f6b331c3c50>
111111
<flask.ctx.AppContext object at 0x7f6b331c3c50>
222222
]]>			</system-out>
			<system-err>
<![CDATA[INFO  [alembic.runtime.migration] Context impl PostgresqlImpl.
INFO  [alembic.runtime.migration] Will assume transactional DDL.
INFO  [alembic.runtime.migration] Running upgrade  -> d919f20fe946, Adding Project entity
INFO  [alembic.runtime.migration] Running upgrade d919f20fe946 -> 631f964e665f, Adding Person and Participant entities
INFO  [alembic.runtime.migration] Running upgrade 631f964e665f -> a5b753b898f5, Adding Grant and Allocation entities
INFO  [alembic.runtime.migration] Running upgrade a5b753b898f5 -> 0576cef39dd8, Adding Organisation entity
INFO  [alembic.runtime.migration] Running upgrade 0576cef39dd8 -> fe26d37d220f, Adding category entities
INFO  [alembic.runtime.migration] Running upgrade fe26d37d220f -> c2f46d74fb33, Making Organisation optional
INFO  [alembic.runtime.migration] Running upgrade c2f46d74fb33 -> 0da61d9681b1, empty message
INFO  [alembic.runtime.migration] Running upgrade 0da61d9681b1 -> 5ac27507f77e, empty message
INFO  [alembic.runtime.migration] Context impl PostgresqlImpl.
INFO  [alembic.runtime.migration] Will assume transactional DDL.
INFO  [alembic.runtime.migration] Running downgrade 5ac27507f77e -> 0da61d9681b1, empty message
INFO  [alembic.runtime.migration] Running downgrade 0da61d9681b1 -> c2f46d74fb33, empty message
INFO  [alembic.runtime.migration] Running downgrade c2f46d74fb33 -> fe26d37d220f, Making Organisation optional
INFO  [alembic.runtime.migration] Running downgrade fe26d37d220f -> 0576cef39dd8, Adding category entities
INFO  [alembic.runtime.migration] Running downgrade 0576cef39dd8 -> a5b753b898f5, Adding Organisation entity
INFO  [alembic.runtime.migration] Running downgrade a5b753b898f5 -> 631f964e665f, Adding Grant and Allocation entities
INFO  [alembic.runtime.migration] Running downgrade 631f964e665f -> d919f20fe946, Adding Person and Participant entities
INFO  [alembic.runtime.migration] Running downgrade d919f20fe946 -> , Adding Project entity
]]>			</system-err>
		</testcase>
		<testcase classname="test_resource_projects.ProjectsResourceTestCase" file="tests/test_resource_projects.py" line="1659" name="test_projects_relationship_participants" time="0.502" timestamp="2022-08-08T08:56:40">
			<system-out>
<![CDATA[<flask.ctx.AppContext object at 0x7f6b330eb390>
111111
<flask.ctx.AppContext object at 0x7f6b330eb390>
222222
]]>			</system-out>
			<system-err>
<![CDATA[INFO  [alembic.runtime.migration] Context impl PostgresqlImpl.
INFO  [alembic.runtime.migration] Will assume transactional DDL.
INFO  [alembic.runtime.migration] Running upgrade  -> d919f20fe946, Adding Project entity
INFO  [alembic.runtime.migration] Running upgrade d919f20fe946 -> 631f964e665f, Adding Person and Participant entities
INFO  [alembic.runtime.migration] Running upgrade 631f964e665f -> a5b753b898f5, Adding Grant and Allocation entities
INFO  [alembic.runtime.migration] Running upgrade a5b753b898f5 -> 0576cef39dd8, Adding Organisation entity
INFO  [alembic.runtime.migration] Running upgrade 0576cef39dd8 -> fe26d37d220f, Adding category entities
INFO  [alembic.runtime.migration] Running upgrade fe26d37d220f -> c2f46d74fb33, Making Organisation optional
INFO  [alembic.runtime.migration] Running upgrade c2f46d74fb33 -> 0da61d9681b1, empty message
INFO  [alembic.runtime.migration] Running upgrade 0da61d9681b1 -> 5ac27507f77e, empty message
INFO  [alembic.runtime.migration] Context impl PostgresqlImpl.
INFO  [alembic.runtime.migration] Will assume transactional DDL.
INFO  [alembic.runtime.migration] Running downgrade 5ac27507f77e -> 0da61d9681b1, empty message
INFO  [alembic.runtime.migration] Running downgrade 0da61d9681b1 -> c2f46d74fb33, empty message
INFO  [alembic.runtime.migration] Running downgrade c2f46d74fb33 -> fe26d37d220f, Making Organisation optional
INFO  [alembic.runtime.migration] Running downgrade fe26d37d220f -> 0576cef39dd8, Adding category entities
INFO  [alembic.runtime.migration] Running downgrade 0576cef39dd8 -> a5b753b898f5, Adding Organisation entity
INFO  [alembic.runtime.migration] Running downgrade a5b753b898f5 -> 631f964e665f, Adding Grant and Allocation entities
INFO  [alembic.runtime.migration] Running downgrade 631f964e665f -> d919f20fe946, Adding Person and Participant entities
INFO  [alembic.runtime.migration] Running downgrade d919f20fe946 -> , Adding Project entity
]]>			</system-err>
		</testcase>
		<testcase classname="test_resource_projects.ProjectsResourceTestCase" file="tests/test_resource_projects.py" line="1618" name="test_projects_single_missing_unknown_id" time="0.548" timestamp="2022-08-08T08:56:41">
			<system-out>
<![CDATA[<flask.ctx.AppContext object at 0x7f6b34741fd0>
111111
<flask.ctx.AppContext object at 0x7f6b34741fd0>
222222
]]>			</system-out>
			<system-err>
<![CDATA[INFO  [alembic.runtime.migration] Context impl PostgresqlImpl.
INFO  [alembic.runtime.migration] Will assume transactional DDL.
INFO  [alembic.runtime.migration] Running upgrade  -> d919f20fe946, Adding Project entity
INFO  [alembic.runtime.migration] Running upgrade d919f20fe946 -> 631f964e665f, Adding Person and Participant entities
INFO  [alembic.runtime.migration] Running upgrade 631f964e665f -> a5b753b898f5, Adding Grant and Allocation entities
INFO  [alembic.runtime.migration] Running upgrade a5b753b898f5 -> 0576cef39dd8, Adding Organisation entity
INFO  [alembic.runtime.migration] Running upgrade 0576cef39dd8 -> fe26d37d220f, Adding category entities
INFO  [alembic.runtime.migration] Running upgrade fe26d37d220f -> c2f46d74fb33, Making Organisation optional
INFO  [alembic.runtime.migration] Running upgrade c2f46d74fb33 -> 0da61d9681b1, empty message
INFO  [alembic.runtime.migration] Running upgrade 0da61d9681b1 -> 5ac27507f77e, empty message
INFO  [alembic.runtime.migration] Context impl PostgresqlImpl.
INFO  [alembic.runtime.migration] Will assume transactional DDL.
INFO  [alembic.runtime.migration] Running downgrade 5ac27507f77e -> 0da61d9681b1, empty message
INFO  [alembic.runtime.migration] Running downgrade 0da61d9681b1 -> c2f46d74fb33, empty message
INFO  [alembic.runtime.migration] Running downgrade c2f46d74fb33 -> fe26d37d220f, Making Organisation optional
INFO  [alembic.runtime.migration] Running downgrade fe26d37d220f -> 0576cef39dd8, Adding category entities
INFO  [alembic.runtime.migration] Running downgrade 0576cef39dd8 -> a5b753b898f5, Adding Organisation entity
INFO  [alembic.runtime.migration] Running downgrade a5b753b898f5 -> 631f964e665f, Adding Grant and Allocation entities
INFO  [alembic.runtime.migration] Running downgrade 631f964e665f -> d919f20fe946, Adding Person and Participant entities
INFO  [alembic.runtime.migration] Running downgrade d919f20fe946 -> , Adding Project entity
]]>			</system-err>
		</testcase>
	</testsuite>
</testsuites>
